#
# A fatal error has been detected by the Java Runtime Environment:
#
#  EXCEPTION_ACCESS_VIOLATION (0xc0000005) at pc=0x0000024f57908cd9, pid=8180, tid=9432
#
# JRE version: Java(TM) SE Runtime Environment (14.0.2+12) (build 14.0.2+12-46)
# Java VM: Java HotSpot(TM) 64-Bit Server VM (14.0.2+12-46, mixed mode, sharing, tiered, compressed oops, g1 gc, windows-amd64)
# Problematic frame:
# J 397 c1 java.nio.MappedByteBuffer.position(I)Ljava/nio/MappedByteBuffer; java.base@14.0.2 (8 bytes) @ 0x0000024f57908cd9 [0x0000024f57908c40+0x0000000000000099]
#
# No core dump will be written. Minidumps are not enabled by default on client versions of Windows
#
# If you would like to submit a bug report, please visit:
#   https://bugreport.java.com/bugreport/crash.jsp
#

---------------  S U M M A R Y ------------

Command Line: -Dclassworlds.conf=C:\Users\wagne\OneDrive\Documentos\netbeans-12.0-bin\netbeans\java\maven\bin\..\bin\m2.conf -Dmaven.home=C:\Users\wagne\OneDrive\Documentos\netbeans-12.0-bin\netbeans\java\maven\bin\.. -Dlibrary.jansi.path=C:\Users\wagne\OneDrive\Documentos\netbeans-12.0-bin\netbeans\java\maven\bin\..\lib\jansi-native -Dmaven.multiModuleProjectDirectory=C:\Users\wagne\OneDrive\Documentos\NetBeansProjects\PSS_PROVA_2 org.codehaus.plexus.classworlds.launcher.Launcher -Dexec.args=-classpath %classpath com.mycompany.pss_prova_2.aplicacao.Aplicacao -Dexec.executable=C:\Program Files\Java\jdk-14.0.2\bin\java.exe -Dmaven.ext.class.path=C:\Users\wagne\OneDrive\Documentos\netbeans-12.0-bin\netbeans\java\maven-nblib\netbeans-eventspy.jar -Dfile.encoding=UTF-8 process-classes org.codehaus.mojo:exec-maven-plugin:1.5.0:exec

Host: AMD Ryzen 5 1600X Six-Core Processor           , 12 cores, 23G,  Windows 10 , 64 bit Build 19041 (10.0.19041.928)
Time: Fri May 14 20:37:02 2021 Hora oficial do Brasil elapsed time: 0 seconds (0d 0h 0m 0s)

---------------  T H R E A D  ---------------

Current thread (0x0000024f4eb20000):  JavaThread "main" [_thread_in_Java, id=9432, stack(0x000000cfa8e00000,0x000000cfa8f00000)]

Stack: [0x000000cfa8e00000,0x000000cfa8f00000],  sp=0x000000cfa8efd450,  free space=1013k
Native frames: (J=compiled Java code, j=interpreted, Vv=VM code, C=native code)
C  0x0000024f57908cd9


siginfo: EXCEPTION_ACCESS_VIOLATION (0xc0000005), reading address 0xffffffffffffffff


Register to memory mapping:

RIP=0x0000024f57908cd9 is at entry_point+153 in (nmethod*)0x0000024f57908a90
RAX={method} {0x000000080016e498} 'position' '(I)Ljava/nio/MappedByteBuffer;' in 'java/nio/MappedByteBuffer'
RBX={method} {0x000000080016e498} 'position' '(I)Ljava/nio/MappedByteBuffer;' in 'java/nio/MappedByteBuffer'
RCX=0x000000069772ec60 is an oop: java.nio.DirectByteBufferR 
{0x000000069772ec60} - klass: 'java/nio/DirectByteBufferR'
RDX=0x000000069772ec60 is an oop: java.nio.DirectByteBufferR 
{0x000000069772ec60} - klass: 'java/nio/DirectByteBufferR'
RSP=0x000000cfa8efd450 is pointing into the stack for thread: 0x0000024f4eb20000
RBP=0x000000cfa8efd508 is pointing into the stack for thread: 0x0000024f4eb20000
RSI=0x0000024f77ac13d0 is pointing into metadata
RDI=0x0000000000002d71 is an unknown value
R8 =0x0 is NULL
R9 =0x0 is NULL
R10=0x00007ff9546ad150 jvm.dll
R11=0x0000024f57908c80 is at entry_point+64 in (nmethod*)0x0000024f57908a90
R12=0x0 is NULL
R13=0x000000cfa8efd4b0 is pointing into the stack for thread: 0x0000024f4eb20000
R14=0x000000cfa8efd520 is pointing into the stack for thread: 0x0000024f4eb20000
R15=0x0000024f4eb20000 is a thread


Registers:
RAX=0x000000080016e490, RBX=0x000000080016e490, RCX=0x000000069772ec60, RDX=0x000000069772ec60
RSP=0x000000cfa8efd450, RBP=0x000000cfa8efd508, RSI=0x0000024f77ac13d0, RDI=0x0000000000002d71
R8 =0x0000000000000000, R9 =0x0000000000000000, R10=0x00007ff9546ad150, R11=0x0000024f57908c80
R12=0x0000000000000000, R13=0x000000cfa8efd4b0, R14=0x000000cfa8efd520, R15=0x0000024f4eb20000
RIP=0x0000024f57908cd9, EFLAGS=0x0000000000010206

Top of Stack: (sp=0x000000cfa8efd450)
0x000000cfa8efd450:   000000cfa8efd4a0 0000000000000000
0x000000cfa8efd460:   0000024f4eb20000 ffffffff00000000
0x000000cfa8efd470:   000000080016deb8 0000000000000000
0x000000cfa8efd480:   000000069772ec60 000000cfa8efd788
0x000000cfa8efd490:   000000cfa8efd508 0000024f572d9f00
0x000000cfa8efd4a0:   0000024f4eb20c80 0000024f572d9f00
0x000000cfa8efd4b0:   0000000000000000 000000069772ec60
0x000000cfa8efd4c0:   000000cfa8efd4c0 000000080076178a
0x000000cfa8efd4d0:   000000cfa8efd520 00000008003cdef8
0x000000cfa8efd4e0:   0000024f77bbe128 000000069881bbd8
0x000000cfa8efd4f0:   000000080016deb8 000000cfa8efd4b0
0x000000cfa8efd500:   000000cfa8efd530 000000cfa8efd808
0x000000cfa8efd510:   0000024f5790fda4 0000024f00000000
0x000000cfa8efd520:   000000069772ec60 0000024f5790fda4
0x000000cfa8efd530:   000000cfa8efd5a0 000000cfa8efda70
0x000000cfa8efd540:   0000000800322330 00000008001ef258 

Instructions: (pc=0x0000024f57908cd9)
0x0000024f57908bd9:   00 00 00 e0 01 00 00 02 00 00 00 ff ff ff ff ff
0x0000024f57908be9:   ff ff ff 00 00 00 00 1b 60 31 c0 2b c0 12 c0 2b
0x0000024f57908bf9:   c0 23 34 16 b0 04 c0 17 64 0a c0 17 64 37 64 20
0x0000024f57908c09:   00 01 f8 29 ff 05 50 00 c0 0a 64 05 64 03 f8 46
0x0000024f57908c19:   54 b8 59 f9 7f 05 70 0e 60 01 f8 2e ff 0e 90 0c
0x0000024f57908c29:   64 00 00 00 00 00 00 00 00 00 00 00 00 00 00 00
0x0000024f57908c39:   00 00 00 00 00 00 00 44 8b 52 08 49 c1 e2 03 49
0x0000024f57908c49:   bc 00 00 00 00 08 00 00 00 4d 03 d4 4d 33 e4 4c
0x0000024f57908c59:   3b d0 0f 85 9f 23 a1 ff 66 66 66 0f 1f 84 00 00
0x0000024f57908c69:   00 00 00 66 66 0f 1f 84 00 00 00 00 00 66 66 0f
0x0000024f57908c79:   1f 84 00 00 00 00 00 89 84 24 00 90 ff ff 55 48
0x0000024f57908c89:   83 ec 40 48 be c0 32 ae 77 4f 02 00 00 8b be 04
0x0000024f57908c99:   01 00 00 83 c7 08 89 be 04 01 00 00 81 e7 f8 1f
0x0000024f57908ca9:   00 00 83 ff 00 0f 84 7d 00 00 00 48 8b f2 48 bf
0x0000024f57908cb9:   c0 32 ae 77 4f 02 00 00 48 83 87 48 01 00 00 01
0x0000024f57908cc9:   48 be d0 13 ac 77 4f 02 00 00 8b be 04 01 00 00
0x0000024f57908cd9:   83 c7 08 89 be 04 01 00 00 81 e7 f8 ff 7f 00 83
0x0000024f57908ce9:   ff 00 0f 84 61 00 00 00 48 8b f2 48 bf d0 13 ac
0x0000024f57908cf9:   77 4f 02 00 00 48 83 87 48 01 00 00 01 48 8b f2
0x0000024f57908d09:   48 8b d6 48 89 74 24 30 66 0f 1f 44 00 00 e8 e4
0x0000024f57908d19:   31 ff ff 48 8b 44 24 30 48 83 c4 40 5d 4d 8b 97
0x0000024f57908d29:   10 01 00 00 41 85 02 c3 49 ba 90 e4 16 00 08 00
0x0000024f57908d39:   00 00 4c 89 54 24 08 48 c7 04 24 ff ff ff ff e8
0x0000024f57908d49:   33 47 ac ff e9 62 ff ff ff 49 ba 78 d1 16 00 08
0x0000024f57908d59:   00 00 00 4c 89 54 24 08 48 c7 04 24 ff ff ff ff
0x0000024f57908d69:   e8 12 47 ac ff eb 81 90 90 49 8b 87 e8 03 00 00
0x0000024f57908d79:   49 ba 00 00 00 00 00 00 00 00 4d 89 97 e8 03 00
0x0000024f57908d89:   00 49 ba 00 00 00 00 00 00 00 00 4d 89 97 f0 03
0x0000024f57908d99:   00 00 48 83 c4 40 5d e9 db dd ab ff f4 f4 f4 f4
0x0000024f57908da9:   f4 f4 f4 f4 f4 f4 f4 f4 f4 f4 f4 f4 f4 f4 f4 f4
0x0000024f57908db9:   f4 f4 f4 f4 f4 f4 f4 0f 1f 44 00 00 48 bb 00 00
0x0000024f57908dc9:   00 00 00 00 00 00 e9 fb ff ff ff e8 a7 0d ac ff 


Stack slot to memory mapping:
stack at sp + 0 slots: 0x000000cfa8efd4a0 is pointing into the stack for thread: 0x0000024f4eb20000
stack at sp + 1 slots: 0x0 is NULL
stack at sp + 2 slots: 0x0000024f4eb20000 is a thread
stack at sp + 3 slots: 0xffffffff00000000 is an unknown value
stack at sp + 4 slots: {method} {0x000000080016dec0} 'position' '(I)Ljava/nio/Buffer;' in 'java/nio/MappedByteBuffer'
stack at sp + 5 slots: 0x0 is NULL
stack at sp + 6 slots: 0x000000069772ec60 is an oop: java.nio.DirectByteBufferR 
{0x000000069772ec60} - klass: 'java/nio/DirectByteBufferR'
stack at sp + 7 slots: 0x000000cfa8efd788 is pointing into the stack for thread: 0x0000024f4eb20000

--------------------------------------------------------------------------------
[Constant Pool (empty)]

--------------------------------------------------------------------------------

[MachCode]
  0x0000024f57908c40: 448b 5208 | 49c1 e203 | 49bc 0000 | 0000 0800 | 0000 4d03 | d44d 33e4 | 4c3b d00f | 859f 23a1 
  0x0000024f57908c60: ff66 6666 | 0f1f 8400 | 0000 0000 | 6666 0f1f | 8400 0000 | 0000 6666 | 0f1f 8400 | 0000 0000 
  0x0000024f57908c80: 8984 2400 | 90ff ff55 | 4883 ec40 | 48be c032 | ae77 4f02 | 0000 8bbe | 0401 0000 | 83c7 0889 
  0x0000024f57908ca0: be04 0100 | 0081 e7f8 | 1f00 0083 | ff00 0f84 | 7d00 0000 | 488b f248 | bfc0 32ae | 774f 0200 
  0x0000024f57908cc0: 0048 8387 | 4801 0000 | 0148 bed0 | 13ac 774f | 0200 008b | be04 0100 | 0083 c708 | 89be 0401 
  0x0000024f57908ce0: 0000 81e7 | f8ff 7f00 | 83ff 000f | 8461 0000 | 0048 8bf2 | 48bf d013 | ac77 4f02 | 0000 4883 
  0x0000024f57908d00: 8748 0100 | 0001 488b | f248 8bd6 | 4889 7424 | 3066 0f1f | 4400 00e8 | e431 ffff | 488b 4424 
  0x0000024f57908d20: 3048 83c4 | 405d 4d8b | 9710 0100 | 0041 8502 | c349 ba90 | e416 0008 | 0000 004c | 8954 2408 
  0x0000024f57908d40: 48c7 0424 | ffff ffff | e833 47ac | ffe9 62ff | ffff 49ba | 78d1 1600 | 0800 0000 | 4c89 5424 
  0x0000024f57908d60: 0848 c704 | 24ff ffff | ffe8 1247 | acff eb81 | 9090 498b | 87e8 0300 | 0049 ba00 | 0000 0000 
  0x0000024f57908d80: 0000 004d | 8997 e803 | 0000 49ba | 0000 0000 | 0000 0000 | 4d89 97f0 | 0300 0048 | 83c4 405d 
  0x0000024f57908da0: e9db ddab | fff4 f4f4 | f4f4 f4f4 | f4f4 f4f4 | f4f4 f4f4 | f4f4 f4f4 | f4f4 f4f4 | f4f4 f4f4 
  0x0000024f57908dc0: 0f1f 4400 | 0048 bb00 | 0000 0000 | 0000 00e9 | fbff ffff | e8a7 0dac | ff48 b9b8 | 5946 54f9 
  0x0000024f57908de0: 7f00 0048 | 83e4 f049 | ba80 6417 | 54f9 7f00 | 0041 ffd2 | f449 baf5 | 8d90 574f | 0200 0041 
  0x0000024f57908e00: 52e9 9a05 | a1ff f4f4 
[/MachCode]
--------------------------------------------------------------------------------


---------------  P R O C E S S  ---------------

Threads class SMR info:
_java_thread_list=0x0000024f79154cb0, length=12, elements={
0x0000024f4eb20000, 0x0000024f78335000, 0x0000024f78336800, 0x0000024f78355000,
0x0000024f78359000, 0x0000024f7835a000, 0x0000024f7835c800, 0x0000024f78372000,
0x0000024f7837f800, 0x0000024f784bd000, 0x0000024f784c0800, 0x0000024f78c57800
}

Java Threads: ( => current thread )
=>0x0000024f4eb20000 JavaThread "main" [_thread_in_Java, id=9432, stack(0x000000cfa8e00000,0x000000cfa8f00000)]
  0x0000024f78335000 JavaThread "Reference Handler" daemon [_thread_blocked, id=8688, stack(0x000000cfa9500000,0x000000cfa9600000)]
  0x0000024f78336800 JavaThread "Finalizer" daemon [_thread_blocked, id=2724, stack(0x000000cfa9600000,0x000000cfa9700000)]
  0x0000024f78355000 JavaThread "Signal Dispatcher" daemon [_thread_blocked, id=3536, stack(0x000000cfa9700000,0x000000cfa9800000)]
  0x0000024f78359000 JavaThread "Attach Listener" daemon [_thread_blocked, id=3268, stack(0x000000cfa9800000,0x000000cfa9900000)]
  0x0000024f7835a000 JavaThread "Service Thread" daemon [_thread_blocked, id=8508, stack(0x000000cfa9900000,0x000000cfa9a00000)]
  0x0000024f7835c800 JavaThread "C2 CompilerThread0" daemon [_thread_blocked, id=312, stack(0x000000cfa9a00000,0x000000cfa9b00000)]
  0x0000024f78372000 JavaThread "C1 CompilerThread0" daemon [_thread_blocked, id=7880, stack(0x000000cfa9b00000,0x000000cfa9c00000)]
  0x0000024f7837f800 JavaThread "Sweeper thread" daemon [_thread_blocked, id=13172, stack(0x000000cfa9c00000,0x000000cfa9d00000)]
  0x0000024f784bd000 JavaThread "Notification Thread" daemon [_thread_blocked, id=12488, stack(0x000000cfa9d00000,0x000000cfa9e00000)]
  0x0000024f784c0800 JavaThread "Common-Cleaner" daemon [_thread_blocked, id=13756, stack(0x000000cfa9f00000,0x000000cfaa000000)]
  0x0000024f78c57800 JavaThread "C2 CompilerThread1" daemon [_thread_blocked, id=6648, stack(0x000000cfaa000000,0x000000cfaa100000)]

Other Threads:
  0x0000024f78334800 VMThread "VM Thread" [stack: 0x000000cfa9400000,0x000000cfa9500000] [id=6832]
  0x0000024f784ca800 WatcherThread [stack: 0x000000cfa9e00000,0x000000cfa9f00000] [id=13736]
  0x0000024f4ebae000 GCTaskThread "GC Thread#0" [stack: 0x000000cfa8f00000,0x000000cfa9000000] [id=11512]
  0x0000024f4ebdf800 ConcurrentGCThread "G1 Main Marker" [stack: 0x000000cfa9000000,0x000000cfa9100000] [id=12360]
  0x0000024f4ebe1000 ConcurrentGCThread "G1 Conc#0" [stack: 0x000000cfa9100000,0x000000cfa9200000] [id=4224]
  0x0000024f77559000 ConcurrentGCThread "G1 Refine#0" [stack: 0x000000cfa9200000,0x000000cfa9300000] [id=6076]
  0x0000024f7755a000 ConcurrentGCThread "G1 Young RemSet Sampling" [stack: 0x000000cfa9300000,0x000000cfa9400000] [id=6080]

Threads with active compile tasks:

VM state:not at safepoint (normal execution)

VM Mutex/Monitor currently owned by a thread: None

Heap address: 0x0000000680a00000, size: 6134 MB, Compressed Oops mode: Zero based, Oop shift amount: 3
Narrow klass base: 0x0000000800000000, Narrow klass shift: 3
Compressed class space size: 1073741824 Address: 0x0000000800b30000

Heap:
 garbage-first heap   total 393216K, used 17408K [0x0000000680a00000, 0x0000000800000000)
  region size 1024K, 19 young (19456K), 0 survivors (0K)
 Metaspace       used 4906K, capacity 7614K, committed 7808K, reserved 1056768K
  class space    used 576K, capacity 861K, committed 896K, reserved 1048576K
Heap Regions: E=young(eden), S=young(survivor), O=old, HS=humongous(starts), HC=humongous(continues), CS=collection set, F=free, OA=open archive, CA=closed archive, TAMS=top-at-mark-start (previous, next)
|   0|0x0000000680a00000, 0x0000000680a00000, 0x0000000680b00000|  0%| F|  |TAMS 0x0000000680a00000, 0x0000000680a00000| Untracked 
|   1|0x0000000680b00000, 0x0000000680b00000, 0x0000000680c00000|  0%| F|  |TAMS 0x0000000680b00000, 0x0000000680b00000| Untracked 
|   2|0x0000000680c00000, 0x0000000680c00000, 0x0000000680d00000|  0%| F|  |TAMS 0x0000000680c00000, 0x0000000680c00000| Untracked 
|   3|0x0000000680d00000, 0x0000000680d00000, 0x0000000680e00000|  0%| F|  |TAMS 0x0000000680d00000, 0x0000000680d00000| Untracked 
|   4|0x0000000680e00000, 0x0000000680e00000, 0x0000000680f00000|  0%| F|  |TAMS 0x0000000680e00000, 0x0000000680e00000| Untracked 
|   5|0x0000000680f00000, 0x0000000680f00000, 0x0000000681000000|  0%| F|  |TAMS 0x0000000680f00000, 0x0000000680f00000| Untracked 
|   6|0x0000000681000000, 0x0000000681000000, 0x0000000681100000|  0%| F|  |TAMS 0x0000000681000000, 0x0000000681000000| Untracked 
|   7|0x0000000681100000, 0x0000000681100000, 0x0000000681200000|  0%| F|  |TAMS 0x0000000681100000, 0x0000000681100000| Untracked 
|   8|0x0000000681200000, 0x0000000681200000, 0x0000000681300000|  0%| F|  |TAMS 0x0000000681200000, 0x0000000681200000| Untracked 
|   9|0x0000000681300000, 0x0000000681300000, 0x0000000681400000|  0%| F|  |TAMS 0x0000000681300000, 0x0000000681300000| Untracked 
|  10|0x0000000681400000, 0x0000000681400000, 0x0000000681500000|  0%| F|  |TAMS 0x0000000681400000, 0x0000000681400000| Untracked 
|  11|0x0000000681500000, 0x0000000681500000, 0x0000000681600000|  0%| F|  |TAMS 0x0000000681500000, 0x0000000681500000| Untracked 
|  12|0x0000000681600000, 0x0000000681600000, 0x0000000681700000|  0%| F|  |TAMS 0x0000000681600000, 0x0000000681600000| Untracked 
|  13|0x0000000681700000, 0x0000000681700000, 0x0000000681800000|  0%| F|  |TAMS 0x0000000681700000, 0x0000000681700000| Untracked 
|  14|0x0000000681800000, 0x0000000681800000, 0x0000000681900000|  0%| F|  |TAMS 0x0000000681800000, 0x0000000681800000| Untracked 
|  15|0x0000000681900000, 0x0000000681900000, 0x0000000681a00000|  0%| F|  |TAMS 0x0000000681900000, 0x0000000681900000| Untracked 
|  16|0x0000000681a00000, 0x0000000681a00000, 0x0000000681b00000|  0%| F|  |TAMS 0x0000000681a00000, 0x0000000681a00000| Untracked 
|  17|0x0000000681b00000, 0x0000000681b00000, 0x0000000681c00000|  0%| F|  |TAMS 0x0000000681b00000, 0x0000000681b00000| Untracked 
|  18|0x0000000681c00000, 0x0000000681c00000, 0x0000000681d00000|  0%| F|  |TAMS 0x0000000681c00000, 0x0000000681c00000| Untracked 
|  19|0x0000000681d00000, 0x0000000681d00000, 0x0000000681e00000|  0%| F|  |TAMS 0x0000000681d00000, 0x0000000681d00000| Untracked 
|  20|0x0000000681e00000, 0x0000000681e00000, 0x0000000681f00000|  0%| F|  |TAMS 0x0000000681e00000, 0x0000000681e00000| Untracked 
|  21|0x0000000681f00000, 0x0000000681f00000, 0x0000000682000000|  0%| F|  |TAMS 0x0000000681f00000, 0x0000000681f00000| Untracked 
|  22|0x0000000682000000, 0x0000000682000000, 0x0000000682100000|  0%| F|  |TAMS 0x0000000682000000, 0x0000000682000000| Untracked 
|  23|0x0000000682100000, 0x0000000682100000, 0x0000000682200000|  0%| F|  |TAMS 0x0000000682100000, 0x0000000682100000| Untracked 
|  24|0x0000000682200000, 0x0000000682200000, 0x0000000682300000|  0%| F|  |TAMS 0x0000000682200000, 0x0000000682200000| Untracked 
|  25|0x0000000682300000, 0x0000000682300000, 0x0000000682400000|  0%| F|  |TAMS 0x0000000682300000, 0x0000000682300000| Untracked 
|  26|0x0000000682400000, 0x0000000682400000, 0x0000000682500000|  0%| F|  |TAMS 0x0000000682400000, 0x0000000682400000| Untracked 
|  27|0x0000000682500000, 0x0000000682500000, 0x0000000682600000|  0%| F|  |TAMS 0x0000000682500000, 0x0000000682500000| Untracked 
|  28|0x0000000682600000, 0x0000000682600000, 0x0000000682700000|  0%| F|  |TAMS 0x0000000682600000, 0x0000000682600000| Untracked 
|  29|0x0000000682700000, 0x0000000682700000, 0x0000000682800000|  0%| F|  |TAMS 0x0000000682700000, 0x0000000682700000| Untracked 
|  30|0x0000000682800000, 0x0000000682800000, 0x0000000682900000|  0%| F|  |TAMS 0x0000000682800000, 0x0000000682800000| Untracked 
|  31|0x0000000682900000, 0x0000000682900000, 0x0000000682a00000|  0%| F|  |TAMS 0x0000000682900000, 0x0000000682900000| Untracked 
|  32|0x0000000682a00000, 0x0000000682a00000, 0x0000000682b00000|  0%| F|  |TAMS 0x0000000682a00000, 0x0000000682a00000| Untracked 
|  33|0x0000000682b00000, 0x0000000682b00000, 0x0000000682c00000|  0%| F|  |TAMS 0x0000000682b00000, 0x0000000682b00000| Untracked 
|  34|0x0000000682c00000, 0x0000000682c00000, 0x0000000682d00000|  0%| F|  |TAMS 0x0000000682c00000, 0x0000000682c00000| Untracked 
|  35|0x0000000682d00000, 0x0000000682d00000, 0x0000000682e00000|  0%| F|  |TAMS 0x0000000682d00000, 0x0000000682d00000| Untracked 
|  36|0x0000000682e00000, 0x0000000682e00000, 0x0000000682f00000|  0%| F|  |TAMS 0x0000000682e00000, 0x0000000682e00000| Untracked 
|  37|0x0000000682f00000, 0x0000000682f00000, 0x0000000683000000|  0%| F|  |TAMS 0x0000000682f00000, 0x0000000682f00000| Untracked 
|  38|0x0000000683000000, 0x0000000683000000, 0x0000000683100000|  0%| F|  |TAMS 0x0000000683000000, 0x0000000683000000| Untracked 
|  39|0x0000000683100000, 0x0000000683100000, 0x0000000683200000|  0%| F|  |TAMS 0x0000000683100000, 0x0000000683100000| Untracked 
|  40|0x0000000683200000, 0x0000000683200000, 0x0000000683300000|  0%| F|  |TAMS 0x0000000683200000, 0x0000000683200000| Untracked 
|  41|0x0000000683300000, 0x0000000683300000, 0x0000000683400000|  0%| F|  |TAMS 0x0000000683300000, 0x0000000683300000| Untracked 
|  42|0x0000000683400000, 0x0000000683400000, 0x0000000683500000|  0%| F|  |TAMS 0x0000000683400000, 0x0000000683400000| Untracked 
|  43|0x0000000683500000, 0x0000000683500000, 0x0000000683600000|  0%| F|  |TAMS 0x0000000683500000, 0x0000000683500000| Untracked 
|  44|0x0000000683600000, 0x0000000683600000, 0x0000000683700000|  0%| F|  |TAMS 0x0000000683600000, 0x0000000683600000| Untracked 
|  45|0x0000000683700000, 0x0000000683700000, 0x0000000683800000|  0%| F|  |TAMS 0x0000000683700000, 0x0000000683700000| Untracked 
|  46|0x0000000683800000, 0x0000000683800000, 0x0000000683900000|  0%| F|  |TAMS 0x0000000683800000, 0x0000000683800000| Untracked 
|  47|0x0000000683900000, 0x0000000683900000, 0x0000000683a00000|  0%| F|  |TAMS 0x0000000683900000, 0x0000000683900000| Untracked 
|  48|0x0000000683a00000, 0x0000000683a00000, 0x0000000683b00000|  0%| F|  |TAMS 0x0000000683a00000, 0x0000000683a00000| Untracked 
|  49|0x0000000683b00000, 0x0000000683b00000, 0x0000000683c00000|  0%| F|  |TAMS 0x0000000683b00000, 0x0000000683b00000| Untracked 
|  50|0x0000000683c00000, 0x0000000683c00000, 0x0000000683d00000|  0%| F|  |TAMS 0x0000000683c00000, 0x0000000683c00000| Untracked 
|  51|0x0000000683d00000, 0x0000000683d00000, 0x0000000683e00000|  0%| F|  |TAMS 0x0000000683d00000, 0x0000000683d00000| Untracked 
|  52|0x0000000683e00000, 0x0000000683e00000, 0x0000000683f00000|  0%| F|  |TAMS 0x0000000683e00000, 0x0000000683e00000| Untracked 
|  53|0x0000000683f00000, 0x0000000683f00000, 0x0000000684000000|  0%| F|  |TAMS 0x0000000683f00000, 0x0000000683f00000| Untracked 
|  54|0x0000000684000000, 0x0000000684000000, 0x0000000684100000|  0%| F|  |TAMS 0x0000000684000000, 0x0000000684000000| Untracked 
|  55|0x0000000684100000, 0x0000000684100000, 0x0000000684200000|  0%| F|  |TAMS 0x0000000684100000, 0x0000000684100000| Untracked 
|  56|0x0000000684200000, 0x0000000684200000, 0x0000000684300000|  0%| F|  |TAMS 0x0000000684200000, 0x0000000684200000| Untracked 
|  57|0x0000000684300000, 0x0000000684300000, 0x0000000684400000|  0%| F|  |TAMS 0x0000000684300000, 0x0000000684300000| Untracked 
|  58|0x0000000684400000, 0x0000000684400000, 0x0000000684500000|  0%| F|  |TAMS 0x0000000684400000, 0x0000000684400000| Untracked 
|  59|0x0000000684500000, 0x0000000684500000, 0x0000000684600000|  0%| F|  |TAMS 0x0000000684500000, 0x0000000684500000| Untracked 
|  60|0x0000000684600000, 0x0000000684600000, 0x0000000684700000|  0%| F|  |TAMS 0x0000000684600000, 0x0000000684600000| Untracked 
|  61|0x0000000684700000, 0x0000000684700000, 0x0000000684800000|  0%| F|  |TAMS 0x0000000684700000, 0x0000000684700000| Untracked 
|  62|0x0000000684800000, 0x0000000684800000, 0x0000000684900000|  0%| F|  |TAMS 0x0000000684800000, 0x0000000684800000| Untracked 
|  63|0x0000000684900000, 0x0000000684900000, 0x0000000684a00000|  0%| F|  |TAMS 0x0000000684900000, 0x0000000684900000| Untracked 
|  64|0x0000000684a00000, 0x0000000684a00000, 0x0000000684b00000|  0%| F|  |TAMS 0x0000000684a00000, 0x0000000684a00000| Untracked 
|  65|0x0000000684b00000, 0x0000000684b00000, 0x0000000684c00000|  0%| F|  |TAMS 0x0000000684b00000, 0x0000000684b00000| Untracked 
|  66|0x0000000684c00000, 0x0000000684c00000, 0x0000000684d00000|  0%| F|  |TAMS 0x0000000684c00000, 0x0000000684c00000| Untracked 
|  67|0x0000000684d00000, 0x0000000684d00000, 0x0000000684e00000|  0%| F|  |TAMS 0x0000000684d00000, 0x0000000684d00000| Untracked 
|  68|0x0000000684e00000, 0x0000000684e00000, 0x0000000684f00000|  0%| F|  |TAMS 0x0000000684e00000, 0x0000000684e00000| Untracked 
|  69|0x0000000684f00000, 0x0000000684f00000, 0x0000000685000000|  0%| F|  |TAMS 0x0000000684f00000, 0x0000000684f00000| Untracked 
|  70|0x0000000685000000, 0x0000000685000000, 0x0000000685100000|  0%| F|  |TAMS 0x0000000685000000, 0x0000000685000000| Untracked 
|  71|0x0000000685100000, 0x0000000685100000, 0x0000000685200000|  0%| F|  |TAMS 0x0000000685100000, 0x0000000685100000| Untracked 
|  72|0x0000000685200000, 0x0000000685200000, 0x0000000685300000|  0%| F|  |TAMS 0x0000000685200000, 0x0000000685200000| Untracked 
|  73|0x0000000685300000, 0x0000000685300000, 0x0000000685400000|  0%| F|  |TAMS 0x0000000685300000, 0x0000000685300000| Untracked 
|  74|0x0000000685400000, 0x0000000685400000, 0x0000000685500000|  0%| F|  |TAMS 0x0000000685400000, 0x0000000685400000| Untracked 
|  75|0x0000000685500000, 0x0000000685500000, 0x0000000685600000|  0%| F|  |TAMS 0x0000000685500000, 0x0000000685500000| Untracked 
|  76|0x0000000685600000, 0x0000000685600000, 0x0000000685700000|  0%| F|  |TAMS 0x0000000685600000, 0x0000000685600000| Untracked 
|  77|0x0000000685700000, 0x0000000685700000, 0x0000000685800000|  0%| F|  |TAMS 0x0000000685700000, 0x0000000685700000| Untracked 
|  78|0x0000000685800000, 0x0000000685800000, 0x0000000685900000|  0%| F|  |TAMS 0x0000000685800000, 0x0000000685800000| Untracked 
|  79|0x0000000685900000, 0x0000000685900000, 0x0000000685a00000|  0%| F|  |TAMS 0x0000000685900000, 0x0000000685900000| Untracked 
|  80|0x0000000685a00000, 0x0000000685a00000, 0x0000000685b00000|  0%| F|  |TAMS 0x0000000685a00000, 0x0000000685a00000| Untracked 
|  81|0x0000000685b00000, 0x0000000685b00000, 0x0000000685c00000|  0%| F|  |TAMS 0x0000000685b00000, 0x0000000685b00000| Untracked 
|  82|0x0000000685c00000, 0x0000000685c00000, 0x0000000685d00000|  0%| F|  |TAMS 0x0000000685c00000, 0x0000000685c00000| Untracked 
|  83|0x0000000685d00000, 0x0000000685d00000, 0x0000000685e00000|  0%| F|  |TAMS 0x0000000685d00000, 0x0000000685d00000| Untracked 
|  84|0x0000000685e00000, 0x0000000685e00000, 0x0000000685f00000|  0%| F|  |TAMS 0x0000000685e00000, 0x0000000685e00000| Untracked 
|  85|0x0000000685f00000, 0x0000000685f00000, 0x0000000686000000|  0%| F|  |TAMS 0x0000000685f00000, 0x0000000685f00000| Untracked 
|  86|0x0000000686000000, 0x0000000686000000, 0x0000000686100000|  0%| F|  |TAMS 0x0000000686000000, 0x0000000686000000| Untracked 
|  87|0x0000000686100000, 0x0000000686100000, 0x0000000686200000|  0%| F|  |TAMS 0x0000000686100000, 0x0000000686100000| Untracked 
|  88|0x0000000686200000, 0x0000000686200000, 0x0000000686300000|  0%| F|  |TAMS 0x0000000686200000, 0x0000000686200000| Untracked 
|  89|0x0000000686300000, 0x0000000686300000, 0x0000000686400000|  0%| F|  |TAMS 0x0000000686300000, 0x0000000686300000| Untracked 
|  90|0x0000000686400000, 0x0000000686400000, 0x0000000686500000|  0%| F|  |TAMS 0x0000000686400000, 0x0000000686400000| Untracked 
|  91|0x0000000686500000, 0x0000000686500000, 0x0000000686600000|  0%| F|  |TAMS 0x0000000686500000, 0x0000000686500000| Untracked 
|  92|0x0000000686600000, 0x0000000686600000, 0x0000000686700000|  0%| F|  |TAMS 0x0000000686600000, 0x0000000686600000| Untracked 
|  93|0x0000000686700000, 0x0000000686700000, 0x0000000686800000|  0%| F|  |TAMS 0x0000000686700000, 0x0000000686700000| Untracked 
|  94|0x0000000686800000, 0x0000000686800000, 0x0000000686900000|  0%| F|  |TAMS 0x0000000686800000, 0x0000000686800000| Untracked 
|  95|0x0000000686900000, 0x0000000686900000, 0x0000000686a00000|  0%| F|  |TAMS 0x0000000686900000, 0x0000000686900000| Untracked 
|  96|0x0000000686a00000, 0x0000000686a00000, 0x0000000686b00000|  0%| F|  |TAMS 0x0000000686a00000, 0x0000000686a00000| Untracked 
|  97|0x0000000686b00000, 0x0000000686b00000, 0x0000000686c00000|  0%| F|  |TAMS 0x0000000686b00000, 0x0000000686b00000| Untracked 
|  98|0x0000000686c00000, 0x0000000686c00000, 0x0000000686d00000|  0%| F|  |TAMS 0x0000000686c00000, 0x0000000686c00000| Untracked 
|  99|0x0000000686d00000, 0x0000000686d00000, 0x0000000686e00000|  0%| F|  |TAMS 0x0000000686d00000, 0x0000000686d00000| Untracked 
| 100|0x0000000686e00000, 0x0000000686e00000, 0x0000000686f00000|  0%| F|  |TAMS 0x0000000686e00000, 0x0000000686e00000| Untracked 
| 101|0x0000000686f00000, 0x0000000686f00000, 0x0000000687000000|  0%| F|  |TAMS 0x0000000686f00000, 0x0000000686f00000| Untracked 
| 102|0x0000000687000000, 0x0000000687000000, 0x0000000687100000|  0%| F|  |TAMS 0x0000000687000000, 0x0000000687000000| Untracked 
| 103|0x0000000687100000, 0x0000000687100000, 0x0000000687200000|  0%| F|  |TAMS 0x0000000687100000, 0x0000000687100000| Untracked 
| 104|0x0000000687200000, 0x0000000687200000, 0x0000000687300000|  0%| F|  |TAMS 0x0000000687200000, 0x0000000687200000| Untracked 
| 105|0x0000000687300000, 0x0000000687300000, 0x0000000687400000|  0%| F|  |TAMS 0x0000000687300000, 0x0000000687300000| Untracked 
| 106|0x0000000687400000, 0x0000000687400000, 0x0000000687500000|  0%| F|  |TAMS 0x0000000687400000, 0x0000000687400000| Untracked 
| 107|0x0000000687500000, 0x0000000687500000, 0x0000000687600000|  0%| F|  |TAMS 0x0000000687500000, 0x0000000687500000| Untracked 
| 108|0x0000000687600000, 0x0000000687600000, 0x0000000687700000|  0%| F|  |TAMS 0x0000000687600000, 0x0000000687600000| Untracked 
| 109|0x0000000687700000, 0x0000000687700000, 0x0000000687800000|  0%| F|  |TAMS 0x0000000687700000, 0x0000000687700000| Untracked 
| 110|0x0000000687800000, 0x0000000687800000, 0x0000000687900000|  0%| F|  |TAMS 0x0000000687800000, 0x0000000687800000| Untracked 
| 111|0x0000000687900000, 0x0000000687900000, 0x0000000687a00000|  0%| F|  |TAMS 0x0000000687900000, 0x0000000687900000| Untracked 
| 112|0x0000000687a00000, 0x0000000687a00000, 0x0000000687b00000|  0%| F|  |TAMS 0x0000000687a00000, 0x0000000687a00000| Untracked 
| 113|0x0000000687b00000, 0x0000000687b00000, 0x0000000687c00000|  0%| F|  |TAMS 0x0000000687b00000, 0x0000000687b00000| Untracked 
| 114|0x0000000687c00000, 0x0000000687c00000, 0x0000000687d00000|  0%| F|  |TAMS 0x0000000687c00000, 0x0000000687c00000| Untracked 
| 115|0x0000000687d00000, 0x0000000687d00000, 0x0000000687e00000|  0%| F|  |TAMS 0x0000000687d00000, 0x0000000687d00000| Untracked 
| 116|0x0000000687e00000, 0x0000000687e00000, 0x0000000687f00000|  0%| F|  |TAMS 0x0000000687e00000, 0x0000000687e00000| Untracked 
| 117|0x0000000687f00000, 0x0000000687f00000, 0x0000000688000000|  0%| F|  |TAMS 0x0000000687f00000, 0x0000000687f00000| Untracked 
| 118|0x0000000688000000, 0x0000000688000000, 0x0000000688100000|  0%| F|  |TAMS 0x0000000688000000, 0x0000000688000000| Untracked 
| 119|0x0000000688100000, 0x0000000688100000, 0x0000000688200000|  0%| F|  |TAMS 0x0000000688100000, 0x0000000688100000| Untracked 
| 120|0x0000000688200000, 0x0000000688200000, 0x0000000688300000|  0%| F|  |TAMS 0x0000000688200000, 0x0000000688200000| Untracked 
| 121|0x0000000688300000, 0x0000000688300000, 0x0000000688400000|  0%| F|  |TAMS 0x0000000688300000, 0x0000000688300000| Untracked 
| 122|0x0000000688400000, 0x0000000688400000, 0x0000000688500000|  0%| F|  |TAMS 0x0000000688400000, 0x0000000688400000| Untracked 
| 123|0x0000000688500000, 0x0000000688500000, 0x0000000688600000|  0%| F|  |TAMS 0x0000000688500000, 0x0000000688500000| Untracked 
| 124|0x0000000688600000, 0x0000000688600000, 0x0000000688700000|  0%| F|  |TAMS 0x0000000688600000, 0x0000000688600000| Untracked 
| 125|0x0000000688700000, 0x0000000688700000, 0x0000000688800000|  0%| F|  |TAMS 0x0000000688700000, 0x0000000688700000| Untracked 
| 126|0x0000000688800000, 0x0000000688800000, 0x0000000688900000|  0%| F|  |TAMS 0x0000000688800000, 0x0000000688800000| Untracked 
| 127|0x0000000688900000, 0x0000000688900000, 0x0000000688a00000|  0%| F|  |TAMS 0x0000000688900000, 0x0000000688900000| Untracked 
| 128|0x0000000688a00000, 0x0000000688a00000, 0x0000000688b00000|  0%| F|  |TAMS 0x0000000688a00000, 0x0000000688a00000| Untracked 
| 129|0x0000000688b00000, 0x0000000688b00000, 0x0000000688c00000|  0%| F|  |TAMS 0x0000000688b00000, 0x0000000688b00000| Untracked 
| 130|0x0000000688c00000, 0x0000000688c00000, 0x0000000688d00000|  0%| F|  |TAMS 0x0000000688c00000, 0x0000000688c00000| Untracked 
| 131|0x0000000688d00000, 0x0000000688d00000, 0x0000000688e00000|  0%| F|  |TAMS 0x0000000688d00000, 0x0000000688d00000| Untracked 
| 132|0x0000000688e00000, 0x0000000688e00000, 0x0000000688f00000|  0%| F|  |TAMS 0x0000000688e00000, 0x0000000688e00000| Untracked 
| 133|0x0000000688f00000, 0x0000000688f00000, 0x0000000689000000|  0%| F|  |TAMS 0x0000000688f00000, 0x0000000688f00000| Untracked 
| 134|0x0000000689000000, 0x0000000689000000, 0x0000000689100000|  0%| F|  |TAMS 0x0000000689000000, 0x0000000689000000| Untracked 
| 135|0x0000000689100000, 0x0000000689100000, 0x0000000689200000|  0%| F|  |TAMS 0x0000000689100000, 0x0000000689100000| Untracked 
| 136|0x0000000689200000, 0x0000000689200000, 0x0000000689300000|  0%| F|  |TAMS 0x0000000689200000, 0x0000000689200000| Untracked 
| 137|0x0000000689300000, 0x0000000689300000, 0x0000000689400000|  0%| F|  |TAMS 0x0000000689300000, 0x0000000689300000| Untracked 
| 138|0x0000000689400000, 0x0000000689400000, 0x0000000689500000|  0%| F|  |TAMS 0x0000000689400000, 0x0000000689400000| Untracked 
| 139|0x0000000689500000, 0x0000000689500000, 0x0000000689600000|  0%| F|  |TAMS 0x0000000689500000, 0x0000000689500000| Untracked 
| 140|0x0000000689600000, 0x0000000689600000, 0x0000000689700000|  0%| F|  |TAMS 0x0000000689600000, 0x0000000689600000| Untracked 
| 141|0x0000000689700000, 0x0000000689700000, 0x0000000689800000|  0%| F|  |TAMS 0x0000000689700000, 0x0000000689700000| Untracked 
| 142|0x0000000689800000, 0x0000000689800000, 0x0000000689900000|  0%| F|  |TAMS 0x0000000689800000, 0x0000000689800000| Untracked 
| 143|0x0000000689900000, 0x0000000689900000, 0x0000000689a00000|  0%| F|  |TAMS 0x0000000689900000, 0x0000000689900000| Untracked 
| 144|0x0000000689a00000, 0x0000000689a00000, 0x0000000689b00000|  0%| F|  |TAMS 0x0000000689a00000, 0x0000000689a00000| Untracked 
| 145|0x0000000689b00000, 0x0000000689b00000, 0x0000000689c00000|  0%| F|  |TAMS 0x0000000689b00000, 0x0000000689b00000| Untracked 
| 146|0x0000000689c00000, 0x0000000689c00000, 0x0000000689d00000|  0%| F|  |TAMS 0x0000000689c00000, 0x0000000689c00000| Untracked 
| 147|0x0000000689d00000, 0x0000000689d00000, 0x0000000689e00000|  0%| F|  |TAMS 0x0000000689d00000, 0x0000000689d00000| Untracked 
| 148|0x0000000689e00000, 0x0000000689e00000, 0x0000000689f00000|  0%| F|  |TAMS 0x0000000689e00000, 0x0000000689e00000| Untracked 
| 149|0x0000000689f00000, 0x0000000689f00000, 0x000000068a000000|  0%| F|  |TAMS 0x0000000689f00000, 0x0000000689f00000| Untracked 
| 150|0x000000068a000000, 0x000000068a000000, 0x000000068a100000|  0%| F|  |TAMS 0x000000068a000000, 0x000000068a000000| Untracked 
| 151|0x000000068a100000, 0x000000068a100000, 0x000000068a200000|  0%| F|  |TAMS 0x000000068a100000, 0x000000068a100000| Untracked 
| 152|0x000000068a200000, 0x000000068a200000, 0x000000068a300000|  0%| F|  |TAMS 0x000000068a200000, 0x000000068a200000| Untracked 
| 153|0x000000068a300000, 0x000000068a300000, 0x000000068a400000|  0%| F|  |TAMS 0x000000068a300000, 0x000000068a300000| Untracked 
| 154|0x000000068a400000, 0x000000068a400000, 0x000000068a500000|  0%| F|  |TAMS 0x000000068a400000, 0x000000068a400000| Untracked 
| 155|0x000000068a500000, 0x000000068a500000, 0x000000068a600000|  0%| F|  |TAMS 0x000000068a500000, 0x000000068a500000| Untracked 
| 156|0x000000068a600000, 0x000000068a600000, 0x000000068a700000|  0%| F|  |TAMS 0x000000068a600000, 0x000000068a600000| Untracked 
| 157|0x000000068a700000, 0x000000068a700000, 0x000000068a800000|  0%| F|  |TAMS 0x000000068a700000, 0x000000068a700000| Untracked 
| 158|0x000000068a800000, 0x000000068a800000, 0x000000068a900000|  0%| F|  |TAMS 0x000000068a800000, 0x000000068a800000| Untracked 
| 159|0x000000068a900000, 0x000000068a900000, 0x000000068aa00000|  0%| F|  |TAMS 0x000000068a900000, 0x000000068a900000| Untracked 
| 160|0x000000068aa00000, 0x000000068aa00000, 0x000000068ab00000|  0%| F|  |TAMS 0x000000068aa00000, 0x000000068aa00000| Untracked 
| 161|0x000000068ab00000, 0x000000068ab00000, 0x000000068ac00000|  0%| F|  |TAMS 0x000000068ab00000, 0x000000068ab00000| Untracked 
| 162|0x000000068ac00000, 0x000000068ac00000, 0x000000068ad00000|  0%| F|  |TAMS 0x000000068ac00000, 0x000000068ac00000| Untracked 
| 163|0x000000068ad00000, 0x000000068ad00000, 0x000000068ae00000|  0%| F|  |TAMS 0x000000068ad00000, 0x000000068ad00000| Untracked 
| 164|0x000000068ae00000, 0x000000068ae00000, 0x000000068af00000|  0%| F|  |TAMS 0x000000068ae00000, 0x000000068ae00000| Untracked 
| 165|0x000000068af00000, 0x000000068af00000, 0x000000068b000000|  0%| F|  |TAMS 0x000000068af00000, 0x000000068af00000| Untracked 
| 166|0x000000068b000000, 0x000000068b000000, 0x000000068b100000|  0%| F|  |TAMS 0x000000068b000000, 0x000000068b000000| Untracked 
| 167|0x000000068b100000, 0x000000068b100000, 0x000000068b200000|  0%| F|  |TAMS 0x000000068b100000, 0x000000068b100000| Untracked 
| 168|0x000000068b200000, 0x000000068b200000, 0x000000068b300000|  0%| F|  |TAMS 0x000000068b200000, 0x000000068b200000| Untracked 
| 169|0x000000068b300000, 0x000000068b300000, 0x000000068b400000|  0%| F|  |TAMS 0x000000068b300000, 0x000000068b300000| Untracked 
| 170|0x000000068b400000, 0x000000068b400000, 0x000000068b500000|  0%| F|  |TAMS 0x000000068b400000, 0x000000068b400000| Untracked 
| 171|0x000000068b500000, 0x000000068b500000, 0x000000068b600000|  0%| F|  |TAMS 0x000000068b500000, 0x000000068b500000| Untracked 
| 172|0x000000068b600000, 0x000000068b600000, 0x000000068b700000|  0%| F|  |TAMS 0x000000068b600000, 0x000000068b600000| Untracked 
| 173|0x000000068b700000, 0x000000068b700000, 0x000000068b800000|  0%| F|  |TAMS 0x000000068b700000, 0x000000068b700000| Untracked 
| 174|0x000000068b800000, 0x000000068b800000, 0x000000068b900000|  0%| F|  |TAMS 0x000000068b800000, 0x000000068b800000| Untracked 
| 175|0x000000068b900000, 0x000000068b900000, 0x000000068ba00000|  0%| F|  |TAMS 0x000000068b900000, 0x000000068b900000| Untracked 
| 176|0x000000068ba00000, 0x000000068ba00000, 0x000000068bb00000|  0%| F|  |TAMS 0x000000068ba00000, 0x000000068ba00000| Untracked 
| 177|0x000000068bb00000, 0x000000068bb00000, 0x000000068bc00000|  0%| F|  |TAMS 0x000000068bb00000, 0x000000068bb00000| Untracked 
| 178|0x000000068bc00000, 0x000000068bc00000, 0x000000068bd00000|  0%| F|  |TAMS 0x000000068bc00000, 0x000000068bc00000| Untracked 
| 179|0x000000068bd00000, 0x000000068bd00000, 0x000000068be00000|  0%| F|  |TAMS 0x000000068bd00000, 0x000000068bd00000| Untracked 
| 180|0x000000068be00000, 0x000000068be00000, 0x000000068bf00000|  0%| F|  |TAMS 0x000000068be00000, 0x000000068be00000| Untracked 
| 181|0x000000068bf00000, 0x000000068bf00000, 0x000000068c000000|  0%| F|  |TAMS 0x000000068bf00000, 0x000000068bf00000| Untracked 
| 182|0x000000068c000000, 0x000000068c000000, 0x000000068c100000|  0%| F|  |TAMS 0x000000068c000000, 0x000000068c000000| Untracked 
| 183|0x000000068c100000, 0x000000068c100000, 0x000000068c200000|  0%| F|  |TAMS 0x000000068c100000, 0x000000068c100000| Untracked 
| 184|0x000000068c200000, 0x000000068c200000, 0x000000068c300000|  0%| F|  |TAMS 0x000000068c200000, 0x000000068c200000| Untracked 
| 185|0x000000068c300000, 0x000000068c300000, 0x000000068c400000|  0%| F|  |TAMS 0x000000068c300000, 0x000000068c300000| Untracked 
| 186|0x000000068c400000, 0x000000068c400000, 0x000000068c500000|  0%| F|  |TAMS 0x000000068c400000, 0x000000068c400000| Untracked 
| 187|0x000000068c500000, 0x000000068c500000, 0x000000068c600000|  0%| F|  |TAMS 0x000000068c500000, 0x000000068c500000| Untracked 
| 188|0x000000068c600000, 0x000000068c600000, 0x000000068c700000|  0%| F|  |TAMS 0x000000068c600000, 0x000000068c600000| Untracked 
| 189|0x000000068c700000, 0x000000068c700000, 0x000000068c800000|  0%| F|  |TAMS 0x000000068c700000, 0x000000068c700000| Untracked 
| 190|0x000000068c800000, 0x000000068c800000, 0x000000068c900000|  0%| F|  |TAMS 0x000000068c800000, 0x000000068c800000| Untracked 
| 191|0x000000068c900000, 0x000000068c900000, 0x000000068ca00000|  0%| F|  |TAMS 0x000000068c900000, 0x000000068c900000| Untracked 
| 192|0x000000068ca00000, 0x000000068ca00000, 0x000000068cb00000|  0%| F|  |TAMS 0x000000068ca00000, 0x000000068ca00000| Untracked 
| 193|0x000000068cb00000, 0x000000068cb00000, 0x000000068cc00000|  0%| F|  |TAMS 0x000000068cb00000, 0x000000068cb00000| Untracked 
| 194|0x000000068cc00000, 0x000000068cc00000, 0x000000068cd00000|  0%| F|  |TAMS 0x000000068cc00000, 0x000000068cc00000| Untracked 
| 195|0x000000068cd00000, 0x000000068cd00000, 0x000000068ce00000|  0%| F|  |TAMS 0x000000068cd00000, 0x000000068cd00000| Untracked 
| 196|0x000000068ce00000, 0x000000068ce00000, 0x000000068cf00000|  0%| F|  |TAMS 0x000000068ce00000, 0x000000068ce00000| Untracked 
| 197|0x000000068cf00000, 0x000000068cf00000, 0x000000068d000000|  0%| F|  |TAMS 0x000000068cf00000, 0x000000068cf00000| Untracked 
| 198|0x000000068d000000, 0x000000068d000000, 0x000000068d100000|  0%| F|  |TAMS 0x000000068d000000, 0x000000068d000000| Untracked 
| 199|0x000000068d100000, 0x000000068d100000, 0x000000068d200000|  0%| F|  |TAMS 0x000000068d100000, 0x000000068d100000| Untracked 
| 200|0x000000068d200000, 0x000000068d200000, 0x000000068d300000|  0%| F|  |TAMS 0x000000068d200000, 0x000000068d200000| Untracked 
| 201|0x000000068d300000, 0x000000068d300000, 0x000000068d400000|  0%| F|  |TAMS 0x000000068d300000, 0x000000068d300000| Untracked 
| 202|0x000000068d400000, 0x000000068d400000, 0x000000068d500000|  0%| F|  |TAMS 0x000000068d400000, 0x000000068d400000| Untracked 
| 203|0x000000068d500000, 0x000000068d500000, 0x000000068d600000|  0%| F|  |TAMS 0x000000068d500000, 0x000000068d500000| Untracked 
| 204|0x000000068d600000, 0x000000068d600000, 0x000000068d700000|  0%| F|  |TAMS 0x000000068d600000, 0x000000068d600000| Untracked 
| 205|0x000000068d700000, 0x000000068d700000, 0x000000068d800000|  0%| F|  |TAMS 0x000000068d700000, 0x000000068d700000| Untracked 
| 206|0x000000068d800000, 0x000000068d800000, 0x000000068d900000|  0%| F|  |TAMS 0x000000068d800000, 0x000000068d800000| Untracked 
| 207|0x000000068d900000, 0x000000068d900000, 0x000000068da00000|  0%| F|  |TAMS 0x000000068d900000, 0x000000068d900000| Untracked 
| 208|0x000000068da00000, 0x000000068da00000, 0x000000068db00000|  0%| F|  |TAMS 0x000000068da00000, 0x000000068da00000| Untracked 
| 209|0x000000068db00000, 0x000000068db00000, 0x000000068dc00000|  0%| F|  |TAMS 0x000000068db00000, 0x000000068db00000| Untracked 
| 210|0x000000068dc00000, 0x000000068dc00000, 0x000000068dd00000|  0%| F|  |TAMS 0x000000068dc00000, 0x000000068dc00000| Untracked 
| 211|0x000000068dd00000, 0x000000068dd00000, 0x000000068de00000|  0%| F|  |TAMS 0x000000068dd00000, 0x000000068dd00000| Untracked 
| 212|0x000000068de00000, 0x000000068de00000, 0x000000068df00000|  0%| F|  |TAMS 0x000000068de00000, 0x000000068de00000| Untracked 
| 213|0x000000068df00000, 0x000000068df00000, 0x000000068e000000|  0%| F|  |TAMS 0x000000068df00000, 0x000000068df00000| Untracked 
| 214|0x000000068e000000, 0x000000068e000000, 0x000000068e100000|  0%| F|  |TAMS 0x000000068e000000, 0x000000068e000000| Untracked 
| 215|0x000000068e100000, 0x000000068e100000, 0x000000068e200000|  0%| F|  |TAMS 0x000000068e100000, 0x000000068e100000| Untracked 
| 216|0x000000068e200000, 0x000000068e200000, 0x000000068e300000|  0%| F|  |TAMS 0x000000068e200000, 0x000000068e200000| Untracked 
| 217|0x000000068e300000, 0x000000068e300000, 0x000000068e400000|  0%| F|  |TAMS 0x000000068e300000, 0x000000068e300000| Untracked 
| 218|0x000000068e400000, 0x000000068e400000, 0x000000068e500000|  0%| F|  |TAMS 0x000000068e400000, 0x000000068e400000| Untracked 
| 219|0x000000068e500000, 0x000000068e500000, 0x000000068e600000|  0%| F|  |TAMS 0x000000068e500000, 0x000000068e500000| Untracked 
| 220|0x000000068e600000, 0x000000068e600000, 0x000000068e700000|  0%| F|  |TAMS 0x000000068e600000, 0x000000068e600000| Untracked 
| 221|0x000000068e700000, 0x000000068e700000, 0x000000068e800000|  0%| F|  |TAMS 0x000000068e700000, 0x000000068e700000| Untracked 
| 222|0x000000068e800000, 0x000000068e800000, 0x000000068e900000|  0%| F|  |TAMS 0x000000068e800000, 0x000000068e800000| Untracked 
| 223|0x000000068e900000, 0x000000068e900000, 0x000000068ea00000|  0%| F|  |TAMS 0x000000068e900000, 0x000000068e900000| Untracked 
| 224|0x000000068ea00000, 0x000000068ea00000, 0x000000068eb00000|  0%| F|  |TAMS 0x000000068ea00000, 0x000000068ea00000| Untracked 
| 225|0x000000068eb00000, 0x000000068eb00000, 0x000000068ec00000|  0%| F|  |TAMS 0x000000068eb00000, 0x000000068eb00000| Untracked 
| 226|0x000000068ec00000, 0x000000068ec00000, 0x000000068ed00000|  0%| F|  |TAMS 0x000000068ec00000, 0x000000068ec00000| Untracked 
| 227|0x000000068ed00000, 0x000000068ed00000, 0x000000068ee00000|  0%| F|  |TAMS 0x000000068ed00000, 0x000000068ed00000| Untracked 
| 228|0x000000068ee00000, 0x000000068ee00000, 0x000000068ef00000|  0%| F|  |TAMS 0x000000068ee00000, 0x000000068ee00000| Untracked 
| 229|0x000000068ef00000, 0x000000068ef00000, 0x000000068f000000|  0%| F|  |TAMS 0x000000068ef00000, 0x000000068ef00000| Untracked 
| 230|0x000000068f000000, 0x000000068f000000, 0x000000068f100000|  0%| F|  |TAMS 0x000000068f000000, 0x000000068f000000| Untracked 
| 231|0x000000068f100000, 0x000000068f100000, 0x000000068f200000|  0%| F|  |TAMS 0x000000068f100000, 0x000000068f100000| Untracked 
| 232|0x000000068f200000, 0x000000068f200000, 0x000000068f300000|  0%| F|  |TAMS 0x000000068f200000, 0x000000068f200000| Untracked 
| 233|0x000000068f300000, 0x000000068f300000, 0x000000068f400000|  0%| F|  |TAMS 0x000000068f300000, 0x000000068f300000| Untracked 
| 234|0x000000068f400000, 0x000000068f400000, 0x000000068f500000|  0%| F|  |TAMS 0x000000068f400000, 0x000000068f400000| Untracked 
| 235|0x000000068f500000, 0x000000068f500000, 0x000000068f600000|  0%| F|  |TAMS 0x000000068f500000, 0x000000068f500000| Untracked 
| 236|0x000000068f600000, 0x000000068f600000, 0x000000068f700000|  0%| F|  |TAMS 0x000000068f600000, 0x000000068f600000| Untracked 
| 237|0x000000068f700000, 0x000000068f700000, 0x000000068f800000|  0%| F|  |TAMS 0x000000068f700000, 0x000000068f700000| Untracked 
| 238|0x000000068f800000, 0x000000068f800000, 0x000000068f900000|  0%| F|  |TAMS 0x000000068f800000, 0x000000068f800000| Untracked 
| 239|0x000000068f900000, 0x000000068f900000, 0x000000068fa00000|  0%| F|  |TAMS 0x000000068f900000, 0x000000068f900000| Untracked 
| 240|0x000000068fa00000, 0x000000068fa00000, 0x000000068fb00000|  0%| F|  |TAMS 0x000000068fa00000, 0x000000068fa00000| Untracked 
| 241|0x000000068fb00000, 0x000000068fb00000, 0x000000068fc00000|  0%| F|  |TAMS 0x000000068fb00000, 0x000000068fb00000| Untracked 
| 242|0x000000068fc00000, 0x000000068fc00000, 0x000000068fd00000|  0%| F|  |TAMS 0x000000068fc00000, 0x000000068fc00000| Untracked 
| 243|0x000000068fd00000, 0x000000068fd00000, 0x000000068fe00000|  0%| F|  |TAMS 0x000000068fd00000, 0x000000068fd00000| Untracked 
| 244|0x000000068fe00000, 0x000000068fe00000, 0x000000068ff00000|  0%| F|  |TAMS 0x000000068fe00000, 0x000000068fe00000| Untracked 
| 245|0x000000068ff00000, 0x000000068ff00000, 0x0000000690000000|  0%| F|  |TAMS 0x000000068ff00000, 0x000000068ff00000| Untracked 
| 246|0x0000000690000000, 0x0000000690000000, 0x0000000690100000|  0%| F|  |TAMS 0x0000000690000000, 0x0000000690000000| Untracked 
| 247|0x0000000690100000, 0x0000000690100000, 0x0000000690200000|  0%| F|  |TAMS 0x0000000690100000, 0x0000000690100000| Untracked 
| 248|0x0000000690200000, 0x0000000690200000, 0x0000000690300000|  0%| F|  |TAMS 0x0000000690200000, 0x0000000690200000| Untracked 
| 249|0x0000000690300000, 0x0000000690300000, 0x0000000690400000|  0%| F|  |TAMS 0x0000000690300000, 0x0000000690300000| Untracked 
| 250|0x0000000690400000, 0x0000000690400000, 0x0000000690500000|  0%| F|  |TAMS 0x0000000690400000, 0x0000000690400000| Untracked 
| 251|0x0000000690500000, 0x0000000690500000, 0x0000000690600000|  0%| F|  |TAMS 0x0000000690500000, 0x0000000690500000| Untracked 
| 252|0x0000000690600000, 0x0000000690600000, 0x0000000690700000|  0%| F|  |TAMS 0x0000000690600000, 0x0000000690600000| Untracked 
| 253|0x0000000690700000, 0x0000000690700000, 0x0000000690800000|  0%| F|  |TAMS 0x0000000690700000, 0x0000000690700000| Untracked 
| 254|0x0000000690800000, 0x0000000690800000, 0x0000000690900000|  0%| F|  |TAMS 0x0000000690800000, 0x0000000690800000| Untracked 
| 255|0x0000000690900000, 0x0000000690900000, 0x0000000690a00000|  0%| F|  |TAMS 0x0000000690900000, 0x0000000690900000| Untracked 
| 256|0x0000000690a00000, 0x0000000690a00000, 0x0000000690b00000|  0%| F|  |TAMS 0x0000000690a00000, 0x0000000690a00000| Untracked 
| 257|0x0000000690b00000, 0x0000000690b00000, 0x0000000690c00000|  0%| F|  |TAMS 0x0000000690b00000, 0x0000000690b00000| Untracked 
| 258|0x0000000690c00000, 0x0000000690c00000, 0x0000000690d00000|  0%| F|  |TAMS 0x0000000690c00000, 0x0000000690c00000| Untracked 
| 259|0x0000000690d00000, 0x0000000690d00000, 0x0000000690e00000|  0%| F|  |TAMS 0x0000000690d00000, 0x0000000690d00000| Untracked 
| 260|0x0000000690e00000, 0x0000000690e00000, 0x0000000690f00000|  0%| F|  |TAMS 0x0000000690e00000, 0x0000000690e00000| Untracked 
| 261|0x0000000690f00000, 0x0000000690f00000, 0x0000000691000000|  0%| F|  |TAMS 0x0000000690f00000, 0x0000000690f00000| Untracked 
| 262|0x0000000691000000, 0x0000000691000000, 0x0000000691100000|  0%| F|  |TAMS 0x0000000691000000, 0x0000000691000000| Untracked 
| 263|0x0000000691100000, 0x0000000691100000, 0x0000000691200000|  0%| F|  |TAMS 0x0000000691100000, 0x0000000691100000| Untracked 
| 264|0x0000000691200000, 0x0000000691200000, 0x0000000691300000|  0%| F|  |TAMS 0x0000000691200000, 0x0000000691200000| Untracked 
| 265|0x0000000691300000, 0x0000000691300000, 0x0000000691400000|  0%| F|  |TAMS 0x0000000691300000, 0x0000000691300000| Untracked 
| 266|0x0000000691400000, 0x0000000691400000, 0x0000000691500000|  0%| F|  |TAMS 0x0000000691400000, 0x0000000691400000| Untracked 
| 267|0x0000000691500000, 0x0000000691500000, 0x0000000691600000|  0%| F|  |TAMS 0x0000000691500000, 0x0000000691500000| Untracked 
| 268|0x0000000691600000, 0x0000000691600000, 0x0000000691700000|  0%| F|  |TAMS 0x0000000691600000, 0x0000000691600000| Untracked 
| 269|0x0000000691700000, 0x0000000691700000, 0x0000000691800000|  0%| F|  |TAMS 0x0000000691700000, 0x0000000691700000| Untracked 
| 270|0x0000000691800000, 0x0000000691800000, 0x0000000691900000|  0%| F|  |TAMS 0x0000000691800000, 0x0000000691800000| Untracked 
| 271|0x0000000691900000, 0x0000000691900000, 0x0000000691a00000|  0%| F|  |TAMS 0x0000000691900000, 0x0000000691900000| Untracked 
| 272|0x0000000691a00000, 0x0000000691a00000, 0x0000000691b00000|  0%| F|  |TAMS 0x0000000691a00000, 0x0000000691a00000| Untracked 
| 273|0x0000000691b00000, 0x0000000691b00000, 0x0000000691c00000|  0%| F|  |TAMS 0x0000000691b00000, 0x0000000691b00000| Untracked 
| 274|0x0000000691c00000, 0x0000000691c00000, 0x0000000691d00000|  0%| F|  |TAMS 0x0000000691c00000, 0x0000000691c00000| Untracked 
| 275|0x0000000691d00000, 0x0000000691d00000, 0x0000000691e00000|  0%| F|  |TAMS 0x0000000691d00000, 0x0000000691d00000| Untracked 
| 276|0x0000000691e00000, 0x0000000691e00000, 0x0000000691f00000|  0%| F|  |TAMS 0x0000000691e00000, 0x0000000691e00000| Untracked 
| 277|0x0000000691f00000, 0x0000000691f00000, 0x0000000692000000|  0%| F|  |TAMS 0x0000000691f00000, 0x0000000691f00000| Untracked 
| 278|0x0000000692000000, 0x0000000692000000, 0x0000000692100000|  0%| F|  |TAMS 0x0000000692000000, 0x0000000692000000| Untracked 
| 279|0x0000000692100000, 0x0000000692100000, 0x0000000692200000|  0%| F|  |TAMS 0x0000000692100000, 0x0000000692100000| Untracked 
| 280|0x0000000692200000, 0x0000000692200000, 0x0000000692300000|  0%| F|  |TAMS 0x0000000692200000, 0x0000000692200000| Untracked 
| 281|0x0000000692300000, 0x0000000692300000, 0x0000000692400000|  0%| F|  |TAMS 0x0000000692300000, 0x0000000692300000| Untracked 
| 282|0x0000000692400000, 0x0000000692400000, 0x0000000692500000|  0%| F|  |TAMS 0x0000000692400000, 0x0000000692400000| Untracked 
| 283|0x0000000692500000, 0x0000000692500000, 0x0000000692600000|  0%| F|  |TAMS 0x0000000692500000, 0x0000000692500000| Untracked 
| 284|0x0000000692600000, 0x0000000692600000, 0x0000000692700000|  0%| F|  |TAMS 0x0000000692600000, 0x0000000692600000| Untracked 
| 285|0x0000000692700000, 0x0000000692700000, 0x0000000692800000|  0%| F|  |TAMS 0x0000000692700000, 0x0000000692700000| Untracked 
| 286|0x0000000692800000, 0x0000000692800000, 0x0000000692900000|  0%| F|  |TAMS 0x0000000692800000, 0x0000000692800000| Untracked 
| 287|0x0000000692900000, 0x0000000692900000, 0x0000000692a00000|  0%| F|  |TAMS 0x0000000692900000, 0x0000000692900000| Untracked 
| 288|0x0000000692a00000, 0x0000000692a00000, 0x0000000692b00000|  0%| F|  |TAMS 0x0000000692a00000, 0x0000000692a00000| Untracked 
| 289|0x0000000692b00000, 0x0000000692b00000, 0x0000000692c00000|  0%| F|  |TAMS 0x0000000692b00000, 0x0000000692b00000| Untracked 
| 290|0x0000000692c00000, 0x0000000692c00000, 0x0000000692d00000|  0%| F|  |TAMS 0x0000000692c00000, 0x0000000692c00000| Untracked 
| 291|0x0000000692d00000, 0x0000000692d00000, 0x0000000692e00000|  0%| F|  |TAMS 0x0000000692d00000, 0x0000000692d00000| Untracked 
| 292|0x0000000692e00000, 0x0000000692e00000, 0x0000000692f00000|  0%| F|  |TAMS 0x0000000692e00000, 0x0000000692e00000| Untracked 
| 293|0x0000000692f00000, 0x0000000692f00000, 0x0000000693000000|  0%| F|  |TAMS 0x0000000692f00000, 0x0000000692f00000| Untracked 
| 294|0x0000000693000000, 0x0000000693000000, 0x0000000693100000|  0%| F|  |TAMS 0x0000000693000000, 0x0000000693000000| Untracked 
| 295|0x0000000693100000, 0x0000000693100000, 0x0000000693200000|  0%| F|  |TAMS 0x0000000693100000, 0x0000000693100000| Untracked 
| 296|0x0000000693200000, 0x0000000693200000, 0x0000000693300000|  0%| F|  |TAMS 0x0000000693200000, 0x0000000693200000| Untracked 
| 297|0x0000000693300000, 0x0000000693300000, 0x0000000693400000|  0%| F|  |TAMS 0x0000000693300000, 0x0000000693300000| Untracked 
| 298|0x0000000693400000, 0x0000000693400000, 0x0000000693500000|  0%| F|  |TAMS 0x0000000693400000, 0x0000000693400000| Untracked 
| 299|0x0000000693500000, 0x0000000693500000, 0x0000000693600000|  0%| F|  |TAMS 0x0000000693500000, 0x0000000693500000| Untracked 
| 300|0x0000000693600000, 0x0000000693600000, 0x0000000693700000|  0%| F|  |TAMS 0x0000000693600000, 0x0000000693600000| Untracked 
| 301|0x0000000693700000, 0x0000000693700000, 0x0000000693800000|  0%| F|  |TAMS 0x0000000693700000, 0x0000000693700000| Untracked 
| 302|0x0000000693800000, 0x0000000693800000, 0x0000000693900000|  0%| F|  |TAMS 0x0000000693800000, 0x0000000693800000| Untracked 
| 303|0x0000000693900000, 0x0000000693900000, 0x0000000693a00000|  0%| F|  |TAMS 0x0000000693900000, 0x0000000693900000| Untracked 
| 304|0x0000000693a00000, 0x0000000693a00000, 0x0000000693b00000|  0%| F|  |TAMS 0x0000000693a00000, 0x0000000693a00000| Untracked 
| 305|0x0000000693b00000, 0x0000000693b00000, 0x0000000693c00000|  0%| F|  |TAMS 0x0000000693b00000, 0x0000000693b00000| Untracked 
| 306|0x0000000693c00000, 0x0000000693c00000, 0x0000000693d00000|  0%| F|  |TAMS 0x0000000693c00000, 0x0000000693c00000| Untracked 
| 307|0x0000000693d00000, 0x0000000693d00000, 0x0000000693e00000|  0%| F|  |TAMS 0x0000000693d00000, 0x0000000693d00000| Untracked 
| 308|0x0000000693e00000, 0x0000000693e00000, 0x0000000693f00000|  0%| F|  |TAMS 0x0000000693e00000, 0x0000000693e00000| Untracked 
| 309|0x0000000693f00000, 0x0000000693f00000, 0x0000000694000000|  0%| F|  |TAMS 0x0000000693f00000, 0x0000000693f00000| Untracked 
| 310|0x0000000694000000, 0x0000000694000000, 0x0000000694100000|  0%| F|  |TAMS 0x0000000694000000, 0x0000000694000000| Untracked 
| 311|0x0000000694100000, 0x0000000694100000, 0x0000000694200000|  0%| F|  |TAMS 0x0000000694100000, 0x0000000694100000| Untracked 
| 312|0x0000000694200000, 0x0000000694200000, 0x0000000694300000|  0%| F|  |TAMS 0x0000000694200000, 0x0000000694200000| Untracked 
| 313|0x0000000694300000, 0x0000000694300000, 0x0000000694400000|  0%| F|  |TAMS 0x0000000694300000, 0x0000000694300000| Untracked 
| 314|0x0000000694400000, 0x0000000694400000, 0x0000000694500000|  0%| F|  |TAMS 0x0000000694400000, 0x0000000694400000| Untracked 
| 315|0x0000000694500000, 0x0000000694500000, 0x0000000694600000|  0%| F|  |TAMS 0x0000000694500000, 0x0000000694500000| Untracked 
| 316|0x0000000694600000, 0x0000000694600000, 0x0000000694700000|  0%| F|  |TAMS 0x0000000694600000, 0x0000000694600000| Untracked 
| 317|0x0000000694700000, 0x0000000694700000, 0x0000000694800000|  0%| F|  |TAMS 0x0000000694700000, 0x0000000694700000| Untracked 
| 318|0x0000000694800000, 0x0000000694800000, 0x0000000694900000|  0%| F|  |TAMS 0x0000000694800000, 0x0000000694800000| Untracked 
| 319|0x0000000694900000, 0x0000000694900000, 0x0000000694a00000|  0%| F|  |TAMS 0x0000000694900000, 0x0000000694900000| Untracked 
| 320|0x0000000694a00000, 0x0000000694a00000, 0x0000000694b00000|  0%| F|  |TAMS 0x0000000694a00000, 0x0000000694a00000| Untracked 
| 321|0x0000000694b00000, 0x0000000694b00000, 0x0000000694c00000|  0%| F|  |TAMS 0x0000000694b00000, 0x0000000694b00000| Untracked 
| 322|0x0000000694c00000, 0x0000000694c00000, 0x0000000694d00000|  0%| F|  |TAMS 0x0000000694c00000, 0x0000000694c00000| Untracked 
| 323|0x0000000694d00000, 0x0000000694d00000, 0x0000000694e00000|  0%| F|  |TAMS 0x0000000694d00000, 0x0000000694d00000| Untracked 
| 324|0x0000000694e00000, 0x0000000694e00000, 0x0000000694f00000|  0%| F|  |TAMS 0x0000000694e00000, 0x0000000694e00000| Untracked 
| 325|0x0000000694f00000, 0x0000000694f00000, 0x0000000695000000|  0%| F|  |TAMS 0x0000000694f00000, 0x0000000694f00000| Untracked 
| 326|0x0000000695000000, 0x0000000695000000, 0x0000000695100000|  0%| F|  |TAMS 0x0000000695000000, 0x0000000695000000| Untracked 
| 327|0x0000000695100000, 0x0000000695100000, 0x0000000695200000|  0%| F|  |TAMS 0x0000000695100000, 0x0000000695100000| Untracked 
| 328|0x0000000695200000, 0x0000000695200000, 0x0000000695300000|  0%| F|  |TAMS 0x0000000695200000, 0x0000000695200000| Untracked 
| 329|0x0000000695300000, 0x0000000695300000, 0x0000000695400000|  0%| F|  |TAMS 0x0000000695300000, 0x0000000695300000| Untracked 
| 330|0x0000000695400000, 0x0000000695400000, 0x0000000695500000|  0%| F|  |TAMS 0x0000000695400000, 0x0000000695400000| Untracked 
| 331|0x0000000695500000, 0x0000000695500000, 0x0000000695600000|  0%| F|  |TAMS 0x0000000695500000, 0x0000000695500000| Untracked 
| 332|0x0000000695600000, 0x0000000695600000, 0x0000000695700000|  0%| F|  |TAMS 0x0000000695600000, 0x0000000695600000| Untracked 
| 333|0x0000000695700000, 0x0000000695700000, 0x0000000695800000|  0%| F|  |TAMS 0x0000000695700000, 0x0000000695700000| Untracked 
| 334|0x0000000695800000, 0x0000000695800000, 0x0000000695900000|  0%| F|  |TAMS 0x0000000695800000, 0x0000000695800000| Untracked 
| 335|0x0000000695900000, 0x0000000695900000, 0x0000000695a00000|  0%| F|  |TAMS 0x0000000695900000, 0x0000000695900000| Untracked 
| 336|0x0000000695a00000, 0x0000000695a00000, 0x0000000695b00000|  0%| F|  |TAMS 0x0000000695a00000, 0x0000000695a00000| Untracked 
| 337|0x0000000695b00000, 0x0000000695b00000, 0x0000000695c00000|  0%| F|  |TAMS 0x0000000695b00000, 0x0000000695b00000| Untracked 
| 338|0x0000000695c00000, 0x0000000695c00000, 0x0000000695d00000|  0%| F|  |TAMS 0x0000000695c00000, 0x0000000695c00000| Untracked 
| 339|0x0000000695d00000, 0x0000000695d00000, 0x0000000695e00000|  0%| F|  |TAMS 0x0000000695d00000, 0x0000000695d00000| Untracked 
| 340|0x0000000695e00000, 0x0000000695e00000, 0x0000000695f00000|  0%| F|  |TAMS 0x0000000695e00000, 0x0000000695e00000| Untracked 
| 341|0x0000000695f00000, 0x0000000695f00000, 0x0000000696000000|  0%| F|  |TAMS 0x0000000695f00000, 0x0000000695f00000| Untracked 
| 342|0x0000000696000000, 0x0000000696000000, 0x0000000696100000|  0%| F|  |TAMS 0x0000000696000000, 0x0000000696000000| Untracked 
| 343|0x0000000696100000, 0x0000000696100000, 0x0000000696200000|  0%| F|  |TAMS 0x0000000696100000, 0x0000000696100000| Untracked 
| 344|0x0000000696200000, 0x0000000696200000, 0x0000000696300000|  0%| F|  |TAMS 0x0000000696200000, 0x0000000696200000| Untracked 
| 345|0x0000000696300000, 0x0000000696300000, 0x0000000696400000|  0%| F|  |TAMS 0x0000000696300000, 0x0000000696300000| Untracked 
| 346|0x0000000696400000, 0x0000000696400000, 0x0000000696500000|  0%| F|  |TAMS 0x0000000696400000, 0x0000000696400000| Untracked 
| 347|0x0000000696500000, 0x0000000696500000, 0x0000000696600000|  0%| F|  |TAMS 0x0000000696500000, 0x0000000696500000| Untracked 
| 348|0x0000000696600000, 0x0000000696600000, 0x0000000696700000|  0%| F|  |TAMS 0x0000000696600000, 0x0000000696600000| Untracked 
| 349|0x0000000696700000, 0x0000000696700000, 0x0000000696800000|  0%| F|  |TAMS 0x0000000696700000, 0x0000000696700000| Untracked 
| 350|0x0000000696800000, 0x0000000696800000, 0x0000000696900000|  0%| F|  |TAMS 0x0000000696800000, 0x0000000696800000| Untracked 
| 351|0x0000000696900000, 0x0000000696900000, 0x0000000696a00000|  0%| F|  |TAMS 0x0000000696900000, 0x0000000696900000| Untracked 
| 352|0x0000000696a00000, 0x0000000696a00000, 0x0000000696b00000|  0%| F|  |TAMS 0x0000000696a00000, 0x0000000696a00000| Untracked 
| 353|0x0000000696b00000, 0x0000000696b00000, 0x0000000696c00000|  0%| F|  |TAMS 0x0000000696b00000, 0x0000000696b00000| Untracked 
| 354|0x0000000696c00000, 0x0000000696c00000, 0x0000000696d00000|  0%| F|  |TAMS 0x0000000696c00000, 0x0000000696c00000| Untracked 
| 355|0x0000000696d00000, 0x0000000696d00000, 0x0000000696e00000|  0%| F|  |TAMS 0x0000000696d00000, 0x0000000696d00000| Untracked 
| 356|0x0000000696e00000, 0x0000000696e00000, 0x0000000696f00000|  0%| F|  |TAMS 0x0000000696e00000, 0x0000000696e00000| Untracked 
| 357|0x0000000696f00000, 0x0000000696f00000, 0x0000000697000000|  0%| F|  |TAMS 0x0000000696f00000, 0x0000000696f00000| Untracked 
| 358|0x0000000697000000, 0x0000000697000000, 0x0000000697100000|  0%| F|  |TAMS 0x0000000697000000, 0x0000000697000000| Untracked 
| 359|0x0000000697100000, 0x0000000697100000, 0x0000000697200000|  0%| F|  |TAMS 0x0000000697100000, 0x0000000697100000| Untracked 
| 360|0x0000000697200000, 0x0000000697200000, 0x0000000697300000|  0%| F|  |TAMS 0x0000000697200000, 0x0000000697200000| Untracked 
| 361|0x0000000697300000, 0x0000000697300000, 0x0000000697400000|  0%| F|  |TAMS 0x0000000697300000, 0x0000000697300000| Untracked 
| 362|0x0000000697400000, 0x0000000697400000, 0x0000000697500000|  0%| F|  |TAMS 0x0000000697400000, 0x0000000697400000| Untracked 
| 363|0x0000000697500000, 0x0000000697500000, 0x0000000697600000|  0%| F|  |TAMS 0x0000000697500000, 0x0000000697500000| Untracked 
| 364|0x0000000697600000, 0x0000000697600000, 0x0000000697700000|  0%| F|  |TAMS 0x0000000697600000, 0x0000000697600000| Untracked 
| 365|0x0000000697700000, 0x0000000697778848, 0x0000000697800000| 47%| E|  |TAMS 0x0000000697700000, 0x0000000697700000| Complete 
| 366|0x0000000697800000, 0x0000000697900000, 0x0000000697900000|100%| E|CS|TAMS 0x0000000697800000, 0x0000000697800000| Complete 
| 367|0x0000000697900000, 0x0000000697a00000, 0x0000000697a00000|100%| E|CS|TAMS 0x0000000697900000, 0x0000000697900000| Complete 
| 368|0x0000000697a00000, 0x0000000697b00000, 0x0000000697b00000|100%| E|CS|TAMS 0x0000000697a00000, 0x0000000697a00000| Complete 
| 369|0x0000000697b00000, 0x0000000697c00000, 0x0000000697c00000|100%| E|CS|TAMS 0x0000000697b00000, 0x0000000697b00000| Complete 
| 370|0x0000000697c00000, 0x0000000697d00000, 0x0000000697d00000|100%| E|  |TAMS 0x0000000697c00000, 0x0000000697c00000| Complete 
| 371|0x0000000697d00000, 0x0000000697e00000, 0x0000000697e00000|100%| E|CS|TAMS 0x0000000697d00000, 0x0000000697d00000| Complete 
| 372|0x0000000697e00000, 0x0000000697f00000, 0x0000000697f00000|100%| E|CS|TAMS 0x0000000697e00000, 0x0000000697e00000| Complete 
| 373|0x0000000697f00000, 0x0000000698000000, 0x0000000698000000|100%| E|CS|TAMS 0x0000000697f00000, 0x0000000697f00000| Complete 
| 374|0x0000000698000000, 0x0000000698100000, 0x0000000698100000|100%| E|CS|TAMS 0x0000000698000000, 0x0000000698000000| Complete 
| 375|0x0000000698100000, 0x0000000698200000, 0x0000000698200000|100%| E|CS|TAMS 0x0000000698100000, 0x0000000698100000| Complete 
| 376|0x0000000698200000, 0x0000000698300000, 0x0000000698300000|100%| E|CS|TAMS 0x0000000698200000, 0x0000000698200000| Complete 
| 377|0x0000000698300000, 0x0000000698400000, 0x0000000698400000|100%| E|CS|TAMS 0x0000000698300000, 0x0000000698300000| Complete 
| 378|0x0000000698400000, 0x0000000698500000, 0x0000000698500000|100%| E|CS|TAMS 0x0000000698400000, 0x0000000698400000| Complete 
| 379|0x0000000698500000, 0x0000000698600000, 0x0000000698600000|100%| E|CS|TAMS 0x0000000698500000, 0x0000000698500000| Complete 
| 380|0x0000000698600000, 0x0000000698700000, 0x0000000698700000|100%| E|CS|TAMS 0x0000000698600000, 0x0000000698600000| Complete 
| 381|0x0000000698700000, 0x0000000698800000, 0x0000000698800000|100%| E|CS|TAMS 0x0000000698700000, 0x0000000698700000| Complete 
| 382|0x0000000698800000, 0x0000000698900000, 0x0000000698900000|100%| E|CS|TAMS 0x0000000698800000, 0x0000000698800000| Complete 
| 383|0x0000000698900000, 0x0000000698a00000, 0x0000000698a00000|100%| E|CS|TAMS 0x0000000698900000, 0x0000000698900000| Complete 

Card table byte_map: [0x0000024f67420000,0x0000024f68020000] _byte_map_base: 0x0000024f6401b000

Marking Bits (Prev, Next): (CMBitMap*) 0x0000024f4ebae898, (CMBitMap*) 0x0000024f4ebae8d8
 Prev Bits: [0x0000024f68c20000, 0x0000024f6ebf8000)
 Next Bits: [0x0000024f6ec00000, 0x0000024f74bd8000)

Polling page: 0x0000024f4e300000

Metaspace:

Usage:
  Non-class:      6.59 MB capacity,     4.23 MB ( 64%) used,     2.36 MB ( 36%) free+waste,     7.50 KB ( <1%) overhead. 
      Class:    861.00 KB capacity,   576.72 KB ( 67%) used,   280.16 KB ( 33%) free+waste,     4.13 KB ( <1%) overhead. 
       Both:      7.44 MB capacity,     4.79 MB ( 64%) used,     2.63 MB ( 35%) free+waste,    11.63 KB ( <1%) overhead. 

Virtual space:
  Non-class space:        8.00 MB reserved,       6.75 MB ( 84%) committed 
      Class space:        1.00 GB reserved,     896.00 KB ( <1%) committed 
             Both:        1.01 GB reserved,       7.63 MB ( <1%) committed 

Chunk freelists:
   Non-Class:  31.00 KB
       Class:  3.00 KB
        Both:  34.00 KB

MaxMetaspaceSize: 17179869184.00 GB
CompressedClassSpaceSize: 1.00 GB

CodeHeap 'non-profiled nmethods': size=120000Kb used=293Kb max_used=293Kb free=119706Kb
 bounds [0x0000024f5eda0000, 0x0000024f5f010000, 0x0000024f662d0000]
CodeHeap 'profiled nmethods': size=120000Kb used=1776Kb max_used=1776Kb free=118223Kb
 bounds [0x0000024f57870000, 0x0000024f57ae0000, 0x0000024f5eda0000]
CodeHeap 'non-nmethods': size=5760Kb used=1158Kb max_used=1177Kb free=4601Kb
 bounds [0x0000024f572d0000, 0x0000024f57540000, 0x0000024f57870000]
 total_blobs=1275 nmethods=867 adapters=321
 compilation: enabled
              stopped_count=0, restarted_count=0
 full_count=0

Compilation events (20 events):
Event: 0.380 Thread 0x0000024f78372000  850       3       java.lang.StackTraceElement::isHashedInJavaBase (31 bytes)
Event: 0.380 Thread 0x0000024f78372000 nmethod 850 0x0000024f57a23510 code [0x0000024f57a23700, 0x0000024f57a23bf8]
Event: 0.380 Thread 0x0000024f78372000  851       3       java.lang.Module::getLayer (43 bytes)
Event: 0.380 Thread 0x0000024f78372000 nmethod 851 0x0000024f57a23d90 code [0x0000024f57a23f60, 0x0000024f57a24328]
Event: 0.380 Thread 0x0000024f78372000  853   !   3       java.lang.reflect.Executable::declaredAnnotations (85 bytes)
Event: 0.380 Thread 0x0000024f7835c800 nmethod 843 0x0000024f5ede8010 code [0x0000024f5ede8200, 0x0000024f5ede84e8]
Event: 0.380 Thread 0x0000024f78372000 nmethod 853 0x0000024f57a24410 code [0x0000024f57a24640, 0x0000024f57a25088]
Event: 0.380 Thread 0x0000024f78372000  852       1       java.lang.reflect.Field::getName (5 bytes)
Event: 0.380 Thread 0x0000024f78372000 nmethod 852 0x0000024f5ede8710 code [0x0000024f5ede88a0, 0x0000024f5ede8978]
Event: 0.383 Thread 0x0000024f78372000  854       3       java.util.Optional::empty (6 bytes)
Event: 0.383 Thread 0x0000024f78372000 nmethod 854 0x0000024f57a25410 code [0x0000024f57a255a0, 0x0000024f57a25698]
Event: 0.383 Thread 0x0000024f78372000  855       3       jdk.internal.jimage.ImageStringsReader::charsFromByteBufferLength (47 bytes)
Event: 0.383 Thread 0x0000024f78372000 nmethod 855 0x0000024f57a25710 code [0x0000024f57a258e0, 0x0000024f57a25d18]
Event: 0.383 Thread 0x0000024f78372000  856       3       jdk.internal.jimage.ImageStringsReader::charsFromByteBuffer (186 bytes)
Event: 0.384 Thread 0x0000024f7835c800  863       4       java.util.zip.ZipUtils::CENSIG (8 bytes)
Event: 0.384 Thread 0x0000024f78c57800  864       4       java.util.zip.ZipFile$Source::isMetaName (141 bytes)
Event: 0.384 Thread 0x0000024f78372000 nmethod 856 0x0000024f57a25e90 code [0x0000024f57a26200, 0x0000024f57a27748]
Event: 0.384 Thread 0x0000024f78372000  857       3       jdk.internal.module.SystemModuleFinders$SystemImage::reader (4 bytes)
Event: 0.384 Thread 0x0000024f78372000 nmethod 857 0x0000024f57a27e90 code [0x0000024f57a28020, 0x0000024f57a28118]
Event: 0.384 Thread 0x0000024f78372000  858       3       jdk.internal.jimage.ImageReader::requireOpen (18 bytes)

GC Heap History (0 events):
No events

Deoptimization events (20 events):
Event: 0.230 Thread 0x0000024f4eb20000 Uncommon trap: trap_request=0xffffff45 fr.pc=0x0000024f5edaba88 relative=0x0000000000000068
Event: 0.230 Thread 0x0000024f4eb20000 Uncommon trap: reason=unstable_if action=reinterpret pc=0x0000024f5edaba88 method=java.lang.AbstractStringBuilder.isLatin1()Z @ 10 c2
Event: 0.230 Thread 0x0000024f4eb20000 DEOPT PACKING pc=0x0000024f5edaba88 sp=0x000000cfa8efdf80
Event: 0.230 Thread 0x0000024f4eb20000 DEOPT UNPACKING pc=0x0000024f5731912f sp=0x000000cfa8efdf10 mode 2
Event: 0.237 Thread 0x0000024f4eb20000 Uncommon trap: trap_request=0xffffff45 fr.pc=0x0000024f5eda7754 relative=0x0000000000000034
Event: 0.237 Thread 0x0000024f4eb20000 Uncommon trap: reason=unstable_if action=reinterpret pc=0x0000024f5eda7754 method=java.lang.StringLatin1.canEncode(I)Z @ 4 c2
Event: 0.237 Thread 0x0000024f4eb20000 DEOPT PACKING pc=0x0000024f5eda7754 sp=0x000000cfa8efdf30
Event: 0.237 Thread 0x0000024f4eb20000 DEOPT UNPACKING pc=0x0000024f5731912f sp=0x000000cfa8efdec0 mode 2
Event: 0.330 Thread 0x0000024f4eb20000 DEOPT PACKING pc=0x0000024f578a70bb sp=0x000000cfa8efc760
Event: 0.330 Thread 0x0000024f4eb20000 DEOPT UNPACKING pc=0x0000024f5731964e sp=0x000000cfa8efbbd8 mode 0
Event: 0.376 Thread 0x0000024f4eb20000 Uncommon trap: trap_request=0xffffffc6 fr.pc=0x0000024f5eddecf8 relative=0x0000000000000658
Event: 0.376 Thread 0x0000024f4eb20000 Uncommon trap: reason=bimorphic_or_optimized_type_check action=maybe_recompile pc=0x0000024f5eddecf8 method=java.util.concurrent.ConcurrentHashMap.get(Ljava/lang/Object;)Ljava/lang/Object; @ 149 c2
Event: 0.376 Thread 0x0000024f4eb20000 DEOPT PACKING pc=0x0000024f5eddecf8 sp=0x000000cfa8efd260
Event: 0.376 Thread 0x0000024f4eb20000 DEOPT UNPACKING pc=0x0000024f5731912f sp=0x000000cfa8efd200 mode 2
Event: 0.378 Thread 0x0000024f4eb20000 DEOPT PACKING pc=0x0000024f578deca0 sp=0x000000cfa8efcec0
Event: 0.378 Thread 0x0000024f4eb20000 DEOPT UNPACKING pc=0x0000024f5731964e sp=0x000000cfa8efc3d8 mode 0
Event: 0.379 Thread 0x0000024f4eb20000 Uncommon trap: trap_request=0xffffff45 fr.pc=0x0000024f5ede48a0 relative=0x0000000000000960
Event: 0.379 Thread 0x0000024f4eb20000 Uncommon trap: reason=unstable_if action=reinterpret pc=0x0000024f5ede48a0 method=java.util.HashMap.putVal(ILjava/lang/Object;Ljava/lang/Object;ZZ)Ljava/lang/Object; @ 181 c2
Event: 0.379 Thread 0x0000024f4eb20000 DEOPT PACKING pc=0x0000024f5ede48a0 sp=0x000000cfa8efe0d0
Event: 0.379 Thread 0x0000024f4eb20000 DEOPT UNPACKING pc=0x0000024f5731912f sp=0x000000cfa8efe060 mode 2

Classes unloaded (0 events):
No events

Classes redefined (0 events):
No events

Internal exceptions (1 events):
Event: 0.111 Thread 0x0000024f4eb20000 Exception <a 'java/lang/NoSuchMethodError'{0x0000000698630810}: 'int java.lang.invoke.DirectMethodHandle$Holder.invokeSpecialIFC(java.lang.Object, java.lang.Object, int)'> (0x0000000698630810) 
thrown [./open/src/hotspot/share/interpreter/linkResolver.cpp, line 766]

Events (20 events):
Event: 0.372 loading class sun/reflect/generics/repository/ClassRepository
Event: 0.372 loading class sun/reflect/generics/repository/GenericDeclRepository
Event: 0.372 loading class sun/reflect/generics/repository/AbstractRepository
Event: 0.372 loading class sun/reflect/generics/repository/AbstractRepository done
Event: 0.372 loading class sun/reflect/generics/repository/GenericDeclRepository done
Event: 0.372 loading class sun/reflect/generics/repository/ClassRepository done
Event: 0.372 loading class sun/reflect/generics/tree/FormalTypeParameter
Event: 0.372 loading class sun/reflect/generics/tree/FormalTypeParameter done
Event: 0.372 loading class sun/reflect/generics/tree/ClassSignature
Event: 0.372 loading class sun/reflect/generics/tree/Signature
Event: 0.372 loading class sun/reflect/generics/tree/Signature done
Event: 0.372 loading class sun/reflect/generics/tree/ClassSignature done
Event: 0.372 loading class java/lang/reflect/TypeVariable
Event: 0.372 loading class java/lang/reflect/TypeVariable done
Event: 0.372 loading class java/lang/reflect/WildcardType
Event: 0.372 loading class java/lang/reflect/WildcardType done
Event: 0.374 loading class sun/reflect/generics/tree/TypeVariableSignature
Event: 0.374 loading class sun/reflect/generics/tree/TypeVariableSignature done
Event: 0.381 loading class java/lang/annotation/IncompleteAnnotationException
Event: 0.381 loading class java/lang/annotation/IncompleteAnnotationException done


Dynamic libraries:
0x00007ff761910000 - 0x00007ff76191f000 	C:\Program Files\Java\jdk-14.0.2\bin\java.exe
0x00007ff9c46f0000 - 0x00007ff9c48e5000 	C:\Windows\SYSTEM32\ntdll.dll
0x00007ff9c2c40000 - 0x00007ff9c2cfd000 	C:\Windows\System32\KERNEL32.DLL
0x00007ff9c2010000 - 0x00007ff9c22d8000 	C:\Windows\System32\KERNELBASE.dll
0x00007ff9c1ee0000 - 0x00007ff9c1fe0000 	C:\Windows\System32\ucrtbase.dll
0x00007ff9bdbc0000 - 0x00007ff9bdbd5000 	C:\Program Files\Java\jdk-14.0.2\bin\VCRUNTIME140.dll
0x00007ff9b38f0000 - 0x00007ff9b3908000 	C:\Program Files\Java\jdk-14.0.2\bin\jli.dll
0x00007ff9c2d00000 - 0x00007ff9c2dac000 	C:\Windows\System32\ADVAPI32.dll
0x00007ff9c4610000 - 0x00007ff9c46ae000 	C:\Windows\System32\msvcrt.dll
0x00007ff9c3410000 - 0x00007ff9c34ab000 	C:\Windows\System32\sechost.dll
0x00007ff9c2b10000 - 0x00007ff9c2c3b000 	C:\Windows\System32\RPCRT4.dll
0x00007ff9c3200000 - 0x00007ff9c33a0000 	C:\Windows\System32\USER32.dll
0x00007ff9c25c0000 - 0x00007ff9c25e2000 	C:\Windows\System32\win32u.dll
0x00007ff9a7c40000 - 0x00007ff9a7eda000 	C:\Windows\WinSxS\amd64_microsoft.windows.common-controls_6595b64144ccf1df_6.0.19041.844_none_ca00b6081b84eb1d\COMCTL32.dll
0x00007ff9c3110000 - 0x00007ff9c313a000 	C:\Windows\System32\GDI32.dll
0x00007ff9c24b0000 - 0x00007ff9c25bb000 	C:\Windows\System32\gdi32full.dll
0x00007ff9c2390000 - 0x00007ff9c242d000 	C:\Windows\System32\msvcp_win.dll
0x00007ff9bc300000 - 0x00007ff9bc30a000 	C:\Windows\SYSTEM32\VERSION.dll
0x00007ff9c31d0000 - 0x00007ff9c3200000 	C:\Windows\System32\IMM32.DLL
0x00007ff9a56c0000 - 0x00007ff9a575b000 	C:\Program Files\Java\jdk-14.0.2\bin\msvcp140.dll
0x00007ff953c40000 - 0x00007ff95475e000 	C:\Program Files\Java\jdk-14.0.2\bin\server\jvm.dll
0x00007ff9c2750000 - 0x00007ff9c2758000 	C:\Windows\System32\PSAPI.DLL
0x00007ff9a9da0000 - 0x00007ff9a9da9000 	C:\Windows\SYSTEM32\WSOCK32.dll
0x00007ff9bafa0000 - 0x00007ff9bafc7000 	C:\Windows\SYSTEM32\WINMM.dll
0x00007ff9c33a0000 - 0x00007ff9c340b000 	C:\Windows\System32\WS2_32.dll
0x00007ff9bfda0000 - 0x00007ff9bfdb2000 	C:\Windows\SYSTEM32\kernel.appcore.dll
0x00007ff9bdbb0000 - 0x00007ff9bdbba000 	C:\Program Files\Java\jdk-14.0.2\bin\jimage.dll
0x00007ff9bb330000 - 0x00007ff9bb514000 	C:\Windows\SYSTEM32\DBGHELP.DLL
0x00007ff9b04b0000 - 0x00007ff9b04dc000 	C:\Windows\SYSTEM32\dbgcore.DLL
0x00007ff9c2430000 - 0x00007ff9c24b0000 	C:\Windows\System32\bcryptPrimitives.dll
0x00007ff9b2c00000 - 0x00007ff9b2c25000 	C:\Program Files\Java\jdk-14.0.2\bin\java.dll
0x00007ff9b51b0000 - 0x00007ff9b51c6000 	C:\Program Files\Java\jdk-14.0.2\bin\zip.dll
0x00007ff9c3da0000 - 0x00007ff9c44e2000 	C:\Windows\System32\SHELL32.dll
0x00007ff9bffa0000 - 0x00007ff9c0730000 	C:\Windows\SYSTEM32\windows.storage.dll
0x00007ff9c2db0000 - 0x00007ff9c3105000 	C:\Windows\System32\combase.dll
0x00007ff9c18a0000 - 0x00007ff9c18cc000 	C:\Windows\SYSTEM32\Wldp.dll
0x00007ff9c3710000 - 0x00007ff9c37be000 	C:\Windows\System32\SHCORE.dll
0x00007ff9c34b0000 - 0x00007ff9c3505000 	C:\Windows\System32\shlwapi.dll
0x00007ff9c1d70000 - 0x00007ff9c1d8f000 	C:\Windows\SYSTEM32\profapi.dll
0x00007ff9b5180000 - 0x00007ff9b5199000 	C:\Program Files\Java\jdk-14.0.2\bin\net.dll
0x00007ff9b82c0000 - 0x00007ff9b83cb000 	C:\Windows\SYSTEM32\WINHTTP.dll
0x00007ff9c1610000 - 0x00007ff9c167a000 	C:\Windows\system32\mswsock.dll
0x00007ff9b5110000 - 0x00007ff9b5122000 	C:\Program Files\Java\jdk-14.0.2\bin\nio.dll
0x00007ff9bdba0000 - 0x00007ff9bdbb0000 	C:\Program Files\Java\jdk-14.0.2\bin\verify.dll
0x00007ff9bd2e0000 - 0x00007ff9bd2ea000 	C:\Users\wagne\OneDrive\Documentos\netbeans-12.0-bin\netbeans\java\maven\lib\jansi-native\windows64\jansi.dll

dbghelp: loaded successfully - version: 4.0.5 - missing functions: none
symbol engine: initialized successfully - sym options: 0x614 - pdb path: .;C:\Program Files\Java\jdk-14.0.2\bin;C:\Windows\SYSTEM32;C:\Windows\WinSxS\amd64_microsoft.windows.common-controls_6595b64144ccf1df_6.0.19041.844_none_ca00b6081b84eb1d;C:\Program Files\Java\jdk-14.0.2\bin\server;C:\Users\wagne\OneDrive\Documentos\netbeans-12.0-bin\netbeans\java\maven\lib\jansi-native\windows64

VM Arguments:
jvm_args: -Dclassworlds.conf=C:\Users\wagne\OneDrive\Documentos\netbeans-12.0-bin\netbeans\java\maven\bin\..\bin\m2.conf -Dmaven.home=C:\Users\wagne\OneDrive\Documentos\netbeans-12.0-bin\netbeans\java\maven\bin\.. -Dlibrary.jansi.path=C:\Users\wagne\OneDrive\Documentos\netbeans-12.0-bin\netbeans\java\maven\bin\..\lib\jansi-native -Dmaven.multiModuleProjectDirectory=C:\Users\wagne\OneDrive\Documentos\NetBeansProjects\PSS_PROVA_2 
java_command: org.codehaus.plexus.classworlds.launcher.Launcher -Dexec.args=-classpath %classpath com.mycompany.pss_prova_2.aplicacao.Aplicacao -Dexec.executable=C:\Program Files\Java\jdk-14.0.2\bin\java.exe -Dmaven.ext.class.path=C:\Users\wagne\OneDrive\Documentos\netbeans-12.0-bin\netbeans\java\maven-nblib\netbeans-eventspy.jar -Dfile.encoding=UTF-8 process-classes org.codehaus.mojo:exec-maven-plugin:1.5.0:exec
java_class_path (initial): C:\Users\wagne\OneDrive\Documentos\netbeans-12.0-bin\netbeans\java\maven\bin\..\boot\plexus-classworlds-2.6.0.jar
Launcher Type: SUN_STANDARD

[Global flags]
     intx CICompilerCount                          = 4                                         {product} {ergonomic}
     uint ConcGCThreads                            = 3                                         {product} {ergonomic}
     uint G1ConcRefinementThreads                  = 10                                        {product} {ergonomic}
   size_t G1HeapRegionSize                         = 1048576                                   {product} {ergonomic}
    uintx GCDrainStackTargetSize                   = 64                                        {product} {ergonomic}
   size_t InitialHeapSize                          = 402653184                                 {product} {ergonomic}
   size_t MarkStackSize                            = 4194304                                   {product} {ergonomic}
   size_t MaxHeapSize                              = 6431965184                                {product} {ergonomic}
   size_t MaxNewSize                               = 3858759680                                {product} {ergonomic}
   size_t MinHeapDeltaBytes                        = 1048576                                   {product} {ergonomic}
   size_t MinHeapSize                              = 8388608                                   {product} {ergonomic}
    uintx NonNMethodCodeHeapSize                   = 5839372                                {pd product} {ergonomic}
    uintx NonProfiledCodeHeapSize                  = 122909434                              {pd product} {ergonomic}
    uintx ProfiledCodeHeapSize                     = 122909434                              {pd product} {ergonomic}
    uintx ReservedCodeCacheSize                    = 251658240                              {pd product} {ergonomic}
     bool SegmentedCodeCache                       = true                                      {product} {ergonomic}
   size_t SoftMaxHeapSize                          = 6431965184                             {manageable} {ergonomic}
     bool UseCompressedClassPointers               = true                                 {lp64_product} {ergonomic}
     bool UseCompressedOops                        = true                                 {lp64_product} {ergonomic}
     bool UseG1GC                                  = true                                      {product} {ergonomic}
     bool UseLargePagesIndividualAllocation        = false                                  {pd product} {ergonomic}

Logging:
Log output configuration:
 #0: stdout all=warning uptime,level,tags
 #1: stderr all=off uptime,level,tags

Environment Variables:
JAVA_HOME=C:\Program Files\Java\jdk-14.0.2
PATH=C:\Program Files\Scripts\;C:\Program Files\;C:\Program Files\Common Files\Oracle\Java\javapath;C:\Windows\system32;C:\Windows;C:\Windows\System32\Wbem;C:\Windows\System32\WindowsPowerShell\v1.0\;C:\Windows\System32\OpenSSH\;C:\Program Files\Git\cmd;C:\src\flutter\bin;C:\ProgramData\chocolatey\bin;C:\tools\dart-sdk\bin;C:\Users\wagne\AppData\Local\Pub\Cache\bin;C:\Program Files\nodejs\;C:\Program Files (x86)\GitExtensions\;C:\Maven\bin;;C:\Go\bin;C:\Program Files\Docker\Docker\resources\bin;C:\ProgramData\DockerDesktop\version-bin;C:\Users\wagne\AppData\Local\Microsoft\WindowsApps;C:\Users\wagne\AppData\Local\Programs\Microsoft VS Code\bin;C:\src\flutter\bin;C:\tools\dart-sdk\bin;C:\Users\wagne\AppData\Local\Google\Cloud SDK\google-cloud-sdk\bin;C:\Users\wagne\AppData\Local\Pub\Cache\bin;C:\Users\wagne\AppData\Roaming\npm;C:\Users\wagne\go\bin;C:\Program Files (x86)\rit\
USERNAME=wagne
OS=Windows_NT
PROCESSOR_IDENTIFIER=AMD64 Family 23 Model 1 Stepping 1, AuthenticAMD



---------------  S Y S T E M  ---------------

OS: Windows 10 , 64 bit Build 19041 (10.0.19041.928)
OS uptime: 0 days 1:26 hours

CPU:total 12 (initial active 12) (12 cores per cpu, 2 threads per core) family 23 model 1 stepping 1, cmov, cx8, fxsr, mmx, sse, sse2, sse3, ssse3, sse4.1, sse4.2, popcnt, avx, avx2, aes, clmul, mmxext, 3dnowpref, lzcnt, sse4a, ht, tsc, tscinvbit, tscinv, bmi1, bmi2, adx, sha, fma

Memory: 4k page, system-wide physical 24528M (14288M free)
TotalPageFile size 28112M (AvailPageFile size 14899M)
current process WorkingSet (physical memory assigned to process): 69M, peak: 69M
current process commit charge ("private bytes"): 500M, peak: 500M

vm_info: Java HotSpot(TM) 64-Bit Server VM (14.0.2+12-46) for windows-amd64 JRE (14.0.2+12-46), built on Jul  9 2020 00:35:52 by "mach5one" with MS VC++ 15.9 (VS2017)

END.
